<?xml version="1.0" encoding="UTF-8"?>
<robot generator="Robot 7.3.2 (Python 3.13.5 on linux)" generated="2025-07-23T00:57:56.920233" rpa="false" schemaversion="5">
<suite id="s1" name="Tests" source="/home/runner/work/quality-eagles-academy13-api-robot/quality-eagles-academy13-api-robot/tests">
<suite id="s1-s1" name="Auth-User" source="/home/runner/work/quality-eagles-academy13-api-robot/quality-eagles-academy13-api-robot/tests/auth-user.robot">
<test id="s1-s1-t1" name="Listar Usuarios" line="27">
<kw name="Listar usuarios">
<kw name="Pegar Token">
<kw name="Create Dictionary" owner="BuiltIn">
<msg time="2025-07-23T00:57:57.037183" level="INFO">${body} = {'mail': 'sysadmin@qacoders.com', 'password': '1234@Test'}</msg>
<var>${body}</var>
<arg>mail=sysadmin@qacoders.com</arg>
<arg>password=1234@Test</arg>
<doc>Creates and returns a dictionary based on the given ``items``.</doc>
<status status="PASS" start="2025-07-23T00:57:57.036879" elapsed="0.000343"/>
</kw>
<kw name="Criar Sessao">
<kw name="Create Dictionary" owner="BuiltIn">
<msg time="2025-07-23T00:57:57.037723" level="INFO">${headers} = {'accept': 'application/json', 'content-type': 'application/json'}</msg>
<var>${headers}</var>
<arg>accept=application/json</arg>
<arg>content-type=application/json</arg>
<doc>Creates and returns a dictionary based on the given ``items``.</doc>
<status status="PASS" start="2025-07-23T00:57:57.037558" elapsed="0.000192"/>
</kw>
<kw name="Create Session" owner="RequestsLibrary">
<msg time="2025-07-23T00:57:57.038130" level="INFO">Creating Session using : alias=qualityeagles, url=https://quality-eagles.qacoders.dev.br/api/, headers={'accept': 'application/json', 'content-type': 'application/json'},                     cookies={}, auth=None, timeout=None, proxies=None, verify=True,                     debug=0 </msg>
<arg>alias=qualityeagles</arg>
<arg>url=${BASEURL}</arg>
<arg>headers=${headers}</arg>
<arg>verify=true</arg>
<doc>Create Session: create a HTTP session to a server</doc>
<status status="PASS" start="2025-07-23T00:57:57.037847" elapsed="0.000453"/>
</kw>
<status status="PASS" start="2025-07-23T00:57:57.037356" elapsed="0.001012"/>
</kw>
<kw name="POST On Session" owner="RequestsLibrary">
<msg time="2025-07-23T00:57:57.591018" level="WARN">Retrying (RetryAdapter(total=2, connect=None, read=None, redirect=None, status=None)) after connection broken by 'SSLError(SSLCertVerificationError(1, '[SSL: CERTIFICATE_VERIFY_FAILED] certificate verify failed: self-signed certificate (_ssl.c:1028)'))': /api/login</msg>
<msg time="2025-07-23T00:57:58.267001" level="WARN">Retrying (RetryAdapter(total=1, connect=None, read=None, redirect=None, status=None)) after connection broken by 'SSLError(SSLCertVerificationError(1, '[SSL: CERTIFICATE_VERIFY_FAILED] certificate verify failed: self-signed certificate (_ssl.c:1028)'))': /api/login</msg>
<msg time="2025-07-23T00:57:59.141719" level="WARN">Retrying (RetryAdapter(total=0, connect=None, read=None, redirect=None, status=None)) after connection broken by 'SSLError(SSLCertVerificationError(1, '[SSL: CERTIFICATE_VERIFY_FAILED] certificate verify failed: self-signed certificate (_ssl.c:1028)'))': /api/login</msg>
<msg time="2025-07-23T00:57:59.614835" level="FAIL">SSLError: HTTPSConnectionPool(host='quality-eagles.qacoders.dev.br', port=443): Max retries exceeded with url: /api/login (Caused by SSLError(SSLCertVerificationError(1, '[SSL: CERTIFICATE_VERIFY_FAILED] certificate verify failed: self-signed certificate (_ssl.c:1028)')))</msg>
<var>${resposta}</var>
<arg>alias=qualityeagles</arg>
<arg>url=/login</arg>
<arg>json=${body}</arg>
<doc>Sends a POST request on a previously created HTTP Session.</doc>
<status status="FAIL" start="2025-07-23T00:57:57.038451" elapsed="2.603173">SSLError: HTTPSConnectionPool(host='quality-eagles.qacoders.dev.br', port=443): Max retries exceeded with url: /api/login (Caused by SSLError(SSLCertVerificationError(1, '[SSL: CERTIFICATE_VERIFY_FAILED] certificate verify failed: self-signed certificate (_ssl.c:1028)')))</status>
</kw>
<kw name="Status Should Be" owner="RequestsLibrary">
<arg>200</arg>
<arg>${resposta}</arg>
<doc>Fails if response status code is different than the expected.</doc>
<status status="NOT RUN" start="2025-07-23T00:57:59.641802" elapsed="0.000027"/>
</kw>
<return>
<value>${resposta.json()["token"]}</value>
<status status="NOT RUN" start="2025-07-23T00:57:59.641879" elapsed="0.000044"/>
</return>
<var>${TOKEN}</var>
<status status="FAIL" start="2025-07-23T00:57:57.036399" elapsed="2.605648">SSLError: HTTPSConnectionPool(host='quality-eagles.qacoders.dev.br', port=443): Max retries exceeded with url: /api/login (Caused by SSLError(SSLCertVerificationError(1, '[SSL: CERTIFICATE_VERIFY_FAILED] certificate verify failed: self-signed certificate (_ssl.c:1028)')))</status>
</kw>
<kw name="GET On Session" owner="RequestsLibrary">
<arg>alias=qualityeagles</arg>
<arg>url=/user/?token=${TOKEN}</arg>
<doc>Sends a GET request on a previously created HTTP Session.</doc>
<status status="NOT RUN" start="2025-07-23T00:57:59.642147" elapsed="0.000019"/>
</kw>
<kw name="Status Should Be" owner="RequestsLibrary">
<arg>200</arg>
<doc>Fails if response status code is different than the expected.</doc>
<status status="NOT RUN" start="2025-07-23T00:57:59.642242" elapsed="0.000015"/>
</kw>
<status status="FAIL" start="2025-07-23T00:57:57.036049" elapsed="2.606282">SSLError: HTTPSConnectionPool(host='quality-eagles.qacoders.dev.br', port=443): Max retries exceeded with url: /api/login (Caused by SSLError(SSLCertVerificationError(1, '[SSL: CERTIFICATE_VERIFY_FAILED] certificate verify failed: self-signed certificate (_ssl.c:1028)')))</status>
</kw>
<status status="FAIL" start="2025-07-23T00:57:57.035433" elapsed="2.607056">SSLError: HTTPSConnectionPool(host='quality-eagles.qacoders.dev.br', port=443): Max retries exceeded with url: /api/login (Caused by SSLError(SSLCertVerificationError(1, '[SSL: CERTIFICATE_VERIFY_FAILED] certificate verify failed: self-signed certificate (_ssl.c:1028)')))</status>
</test>
<test id="s1-s1-t2" name="Listar Usuario por ID" line="29">
<kw name="Listar usuario por ID com sucesso">
<kw name="Pegar Token">
<kw name="Create Dictionary" owner="BuiltIn">
<msg time="2025-07-23T00:57:59.643781" level="INFO">${body} = {'mail': 'sysadmin@qacoders.com', 'password': '1234@Test'}</msg>
<var>${body}</var>
<arg>mail=sysadmin@qacoders.com</arg>
<arg>password=1234@Test</arg>
<doc>Creates and returns a dictionary based on the given ``items``.</doc>
<status status="PASS" start="2025-07-23T00:57:59.643601" elapsed="0.000209"/>
</kw>
<kw name="Criar Sessao">
<kw name="Create Dictionary" owner="BuiltIn">
<msg time="2025-07-23T00:57:59.644275" level="INFO">${headers} = {'accept': 'application/json', 'content-type': 'application/json'}</msg>
<var>${headers}</var>
<arg>accept=application/json</arg>
<arg>content-type=application/json</arg>
<doc>Creates and returns a dictionary based on the given ``items``.</doc>
<status status="PASS" start="2025-07-23T00:57:59.644131" elapsed="0.000166"/>
</kw>
<kw name="Create Session" owner="RequestsLibrary">
<msg time="2025-07-23T00:57:59.644621" level="INFO">Creating Session using : alias=qualityeagles, url=https://quality-eagles.qacoders.dev.br/api/, headers={'accept': 'application/json', 'content-type': 'application/json'},                     cookies={}, auth=None, timeout=None, proxies=None, verify=True,                     debug=0 </msg>
<arg>alias=qualityeagles</arg>
<arg>url=${BASEURL}</arg>
<arg>headers=${headers}</arg>
<arg>verify=true</arg>
<doc>Create Session: create a HTTP session to a server</doc>
<status status="PASS" start="2025-07-23T00:57:59.644386" elapsed="0.000377"/>
</kw>
<status status="PASS" start="2025-07-23T00:57:59.643944" elapsed="0.000877"/>
</kw>
<kw name="POST On Session" owner="RequestsLibrary">
<msg time="2025-07-23T00:58:00.113619" level="WARN">Retrying (RetryAdapter(total=2, connect=None, read=None, redirect=None, status=None)) after connection broken by 'SSLError(SSLCertVerificationError(1, '[SSL: CERTIFICATE_VERIFY_FAILED] certificate verify failed: self-signed certificate (_ssl.c:1028)'))': /api/login</msg>
<msg time="2025-07-23T00:58:00.792422" level="WARN">Retrying (RetryAdapter(total=1, connect=None, read=None, redirect=None, status=None)) after connection broken by 'SSLError(SSLCertVerificationError(1, '[SSL: CERTIFICATE_VERIFY_FAILED] certificate verify failed: self-signed certificate (_ssl.c:1028)'))': /api/login</msg>
<msg time="2025-07-23T00:58:01.663033" level="WARN">Retrying (RetryAdapter(total=0, connect=None, read=None, redirect=None, status=None)) after connection broken by 'SSLError(SSLCertVerificationError(1, '[SSL: CERTIFICATE_VERIFY_FAILED] certificate verify failed: self-signed certificate (_ssl.c:1028)'))': /api/login</msg>
<msg time="2025-07-23T00:58:01.924266" level="FAIL">SSLError: HTTPSConnectionPool(host='quality-eagles.qacoders.dev.br', port=443): Max retries exceeded with url: /api/login (Caused by SSLError(SSLCertVerificationError(1, '[SSL: CERTIFICATE_VERIFY_FAILED] certificate verify failed: self-signed certificate (_ssl.c:1028)')))</msg>
<var>${resposta}</var>
<arg>alias=qualityeagles</arg>
<arg>url=/login</arg>
<arg>json=${body}</arg>
<doc>Sends a POST request on a previously created HTTP Session.</doc>
<status status="FAIL" start="2025-07-23T00:57:59.644901" elapsed="2.283690">SSLError: HTTPSConnectionPool(host='quality-eagles.qacoders.dev.br', port=443): Max retries exceeded with url: /api/login (Caused by SSLError(SSLCertVerificationError(1, '[SSL: CERTIFICATE_VERIFY_FAILED] certificate verify failed: self-signed certificate (_ssl.c:1028)')))</status>
</kw>
<kw name="Status Should Be" owner="RequestsLibrary">
<arg>200</arg>
<arg>${resposta}</arg>
<doc>Fails if response status code is different than the expected.</doc>
<status status="NOT RUN" start="2025-07-23T00:58:01.928764" elapsed="0.000027"/>
</kw>
<return>
<value>${resposta.json()["token"]}</value>
<status status="NOT RUN" start="2025-07-23T00:58:01.928838" elapsed="0.000026"/>
</return>
<var>${TOKEN}</var>
<status status="FAIL" start="2025-07-23T00:57:59.643417" elapsed="2.285572">SSLError: HTTPSConnectionPool(host='quality-eagles.qacoders.dev.br', port=443): Max retries exceeded with url: /api/login (Caused by SSLError(SSLCertVerificationError(1, '[SSL: CERTIFICATE_VERIFY_FAILED] certificate verify failed: self-signed certificate (_ssl.c:1028)')))</status>
</kw>
<kw name="GET On Session" owner="RequestsLibrary">
<arg>alias=qualityeagles</arg>
<arg>url=/user/${ID_USER}?token=${TOKEN}</arg>
<doc>Sends a GET request on a previously created HTTP Session.</doc>
<status status="NOT RUN" start="2025-07-23T00:58:01.929088" elapsed="0.000018"/>
</kw>
<kw name="Status Should Be" owner="RequestsLibrary">
<arg>200</arg>
<doc>Fails if response status code is different than the expected.</doc>
<status status="NOT RUN" start="2025-07-23T00:58:01.929183" elapsed="0.000016"/>
</kw>
<status status="FAIL" start="2025-07-23T00:57:59.643150" elapsed="2.286120">SSLError: HTTPSConnectionPool(host='quality-eagles.qacoders.dev.br', port=443): Max retries exceeded with url: /api/login (Caused by SSLError(SSLCertVerificationError(1, '[SSL: CERTIFICATE_VERIFY_FAILED] certificate verify failed: self-signed certificate (_ssl.c:1028)')))</status>
</kw>
<status status="FAIL" start="2025-07-23T00:57:59.642764" elapsed="2.286660">SSLError: HTTPSConnectionPool(host='quality-eagles.qacoders.dev.br', port=443): Max retries exceeded with url: /api/login (Caused by SSLError(SSLCertVerificationError(1, '[SSL: CERTIFICATE_VERIFY_FAILED] certificate verify failed: self-signed certificate (_ssl.c:1028)')))</status>
</test>
<test id="s1-s1-t3" name="Listar usuario por ID acesso negado" line="31">
<kw name="Listar usuario por ID acesso negado">
<kw name="Pegar Token">
<kw name="Create Dictionary" owner="BuiltIn">
<msg time="2025-07-23T00:58:01.930999" level="INFO">${body} = {'mail': 'sysadmin@qacoders.com', 'password': '1234@Test'}</msg>
<var>${body}</var>
<arg>mail=sysadmin@qacoders.com</arg>
<arg>password=1234@Test</arg>
<doc>Creates and returns a dictionary based on the given ``items``.</doc>
<status status="PASS" start="2025-07-23T00:58:01.930713" elapsed="0.000323"/>
</kw>
<kw name="Criar Sessao">
<kw name="Create Dictionary" owner="BuiltIn">
<msg time="2025-07-23T00:58:01.931695" level="INFO">${headers} = {'accept': 'application/json', 'content-type': 'application/json'}</msg>
<var>${headers}</var>
<arg>accept=application/json</arg>
<arg>content-type=application/json</arg>
<doc>Creates and returns a dictionary based on the given ``items``.</doc>
<status status="PASS" start="2025-07-23T00:58:01.931448" elapsed="0.000296"/>
</kw>
<kw name="Create Session" owner="RequestsLibrary">
<msg time="2025-07-23T00:58:01.932176" level="INFO">Creating Session using : alias=qualityeagles, url=https://quality-eagles.qacoders.dev.br/api/, headers={'accept': 'application/json', 'content-type': 'application/json'},                     cookies={}, auth=None, timeout=None, proxies=None, verify=True,                     debug=0 </msg>
<arg>alias=qualityeagles</arg>
<arg>url=${BASEURL}</arg>
<arg>headers=${headers}</arg>
<arg>verify=true</arg>
<doc>Create Session: create a HTTP session to a server</doc>
<status status="PASS" start="2025-07-23T00:58:01.931891" elapsed="0.000433"/>
</kw>
<status status="PASS" start="2025-07-23T00:58:01.931191" elapsed="0.001194"/>
</kw>
<kw name="POST On Session" owner="RequestsLibrary">
<msg time="2025-07-23T00:58:02.410806" level="WARN">Retrying (RetryAdapter(total=2, connect=None, read=None, redirect=None, status=None)) after connection broken by 'SSLError(SSLCertVerificationError(1, '[SSL: CERTIFICATE_VERIFY_FAILED] certificate verify failed: self-signed certificate (_ssl.c:1028)'))': /api/login</msg>
<msg time="2025-07-23T00:58:03.549488" level="WARN">Retrying (RetryAdapter(total=1, connect=None, read=None, redirect=None, status=None)) after connection broken by 'SSLError(SSLCertVerificationError(1, '[SSL: CERTIFICATE_VERIFY_FAILED] certificate verify failed: self-signed certificate (_ssl.c:1028)'))': /api/login</msg>
<msg time="2025-07-23T00:58:04.429223" level="WARN">Retrying (RetryAdapter(total=0, connect=None, read=None, redirect=None, status=None)) after connection broken by 'SSLError(SSLCertVerificationError(1, '[SSL: CERTIFICATE_VERIFY_FAILED] certificate verify failed: self-signed certificate (_ssl.c:1028)'))': /api/login</msg>
<msg time="2025-07-23T00:58:04.912881" level="FAIL">SSLError: HTTPSConnectionPool(host='quality-eagles.qacoders.dev.br', port=443): Max retries exceeded with url: /api/login (Caused by SSLError(SSLCertVerificationError(1, '[SSL: CERTIFICATE_VERIFY_FAILED] certificate verify failed: self-signed certificate (_ssl.c:1028)')))</msg>
<var>${resposta}</var>
<arg>alias=qualityeagles</arg>
<arg>url=/login</arg>
<arg>json=${body}</arg>
<doc>Sends a POST request on a previously created HTTP Session.</doc>
<status status="FAIL" start="2025-07-23T00:58:01.932467" elapsed="2.984761">SSLError: HTTPSConnectionPool(host='quality-eagles.qacoders.dev.br', port=443): Max retries exceeded with url: /api/login (Caused by SSLError(SSLCertVerificationError(1, '[SSL: CERTIFICATE_VERIFY_FAILED] certificate verify failed: self-signed certificate (_ssl.c:1028)')))</status>
</kw>
<kw name="Status Should Be" owner="RequestsLibrary">
<arg>200</arg>
<arg>${resposta}</arg>
<doc>Fails if response status code is different than the expected.</doc>
<status status="NOT RUN" start="2025-07-23T00:58:04.917399" elapsed="0.000026"/>
</kw>
<return>
<value>${resposta.json()["token"]}</value>
<status status="NOT RUN" start="2025-07-23T00:58:04.917469" elapsed="0.000019"/>
</return>
<var>${TOKEN}</var>
<status status="FAIL" start="2025-07-23T00:58:01.930444" elapsed="2.987139">SSLError: HTTPSConnectionPool(host='quality-eagles.qacoders.dev.br', port=443): Max retries exceeded with url: /api/login (Caused by SSLError(SSLCertVerificationError(1, '[SSL: CERTIFICATE_VERIFY_FAILED] certificate verify failed: self-signed certificate (_ssl.c:1028)')))</status>
</kw>
<kw name="GET On Session" owner="RequestsLibrary">
<var>${response}</var>
<arg>alias=qualityeagles</arg>
<arg>url=/user/?${token_invalido}</arg>
<arg>expected_status=any</arg>
<doc>Sends a GET request on a previously created HTTP Session.</doc>
<status status="NOT RUN" start="2025-07-23T00:58:04.917679" elapsed="0.000018"/>
</kw>
<kw name="Status Should Be" owner="RequestsLibrary">
<arg>403</arg>
<doc>Fails if response status code is different than the expected.</doc>
<status status="NOT RUN" start="2025-07-23T00:58:04.917832" elapsed="0.000017"/>
</kw>
<kw name="Log To Console" owner="BuiltIn">
<arg>${response.json()["errors"][0]}</arg>
<doc>Logs the given message to the console.</doc>
<status status="NOT RUN" start="2025-07-23T00:58:04.917939" elapsed="0.000019"/>
</kw>
<kw name="Should Be Equal As Strings" owner="BuiltIn">
<arg>${response.json()["errors"][0]}</arg>
<arg>No token provided.</arg>
<doc>Fails if objects are unequal after converting them to strings.</doc>
<status status="NOT RUN" start="2025-07-23T00:58:04.918032" elapsed="0.000015"/>
</kw>
<status status="FAIL" start="2025-07-23T00:58:01.930083" elapsed="2.988040">SSLError: HTTPSConnectionPool(host='quality-eagles.qacoders.dev.br', port=443): Max retries exceeded with url: /api/login (Caused by SSLError(SSLCertVerificationError(1, '[SSL: CERTIFICATE_VERIFY_FAILED] certificate verify failed: self-signed certificate (_ssl.c:1028)')))</status>
</kw>
<status status="FAIL" start="2025-07-23T00:58:01.929673" elapsed="2.988583">SSLError: HTTPSConnectionPool(host='quality-eagles.qacoders.dev.br', port=443): Max retries exceeded with url: /api/login (Caused by SSLError(SSLCertVerificationError(1, '[SSL: CERTIFICATE_VERIFY_FAILED] certificate verify failed: self-signed certificate (_ssl.c:1028)')))</status>
</test>
<test id="s1-s1-t4" name="Listar Usuario por ID não encontrado" line="33">
<kw name="Listar Usuario por ID não encontrado">
<kw name="Pegar Token">
<kw name="Create Dictionary" owner="BuiltIn">
<msg time="2025-07-23T00:58:04.919481" level="INFO">${body} = {'mail': 'sysadmin@qacoders.com', 'password': '1234@Test'}</msg>
<var>${body}</var>
<arg>mail=sysadmin@qacoders.com</arg>
<arg>password=1234@Test</arg>
<doc>Creates and returns a dictionary based on the given ``items``.</doc>
<status status="PASS" start="2025-07-23T00:58:04.919304" elapsed="0.000201"/>
</kw>
<kw name="Criar Sessao">
<kw name="Create Dictionary" owner="BuiltIn">
<msg time="2025-07-23T00:58:04.919949" level="INFO">${headers} = {'accept': 'application/json', 'content-type': 'application/json'}</msg>
<var>${headers}</var>
<arg>accept=application/json</arg>
<arg>content-type=application/json</arg>
<doc>Creates and returns a dictionary based on the given ``items``.</doc>
<status status="PASS" start="2025-07-23T00:58:04.919781" elapsed="0.000194"/>
</kw>
<kw name="Create Session" owner="RequestsLibrary">
<msg time="2025-07-23T00:58:04.920281" level="INFO">Creating Session using : alias=qualityeagles, url=https://quality-eagles.qacoders.dev.br/api/, headers={'accept': 'application/json', 'content-type': 'application/json'},                     cookies={}, auth=None, timeout=None, proxies=None, verify=True,                     debug=0 </msg>
<arg>alias=qualityeagles</arg>
<arg>url=${BASEURL}</arg>
<arg>headers=${headers}</arg>
<arg>verify=true</arg>
<doc>Create Session: create a HTTP session to a server</doc>
<status status="PASS" start="2025-07-23T00:58:04.920060" elapsed="0.000356"/>
</kw>
<status status="PASS" start="2025-07-23T00:58:04.919612" elapsed="0.000859"/>
</kw>
<kw name="POST On Session" owner="RequestsLibrary">
<msg time="2025-07-23T00:58:05.400517" level="WARN">Retrying (RetryAdapter(total=2, connect=None, read=None, redirect=None, status=None)) after connection broken by 'SSLError(SSLCertVerificationError(1, '[SSL: CERTIFICATE_VERIFY_FAILED] certificate verify failed: self-signed certificate (_ssl.c:1028)'))': /api/login</msg>
<msg time="2025-07-23T00:58:05.864852" level="WARN">Retrying (RetryAdapter(total=1, connect=None, read=None, redirect=None, status=None)) after connection broken by 'SSLError(SSLCertVerificationError(1, '[SSL: CERTIFICATE_VERIFY_FAILED] certificate verify failed: self-signed certificate (_ssl.c:1028)'))': /api/login</msg>
<msg time="2025-07-23T00:58:06.744108" level="WARN">Retrying (RetryAdapter(total=0, connect=None, read=None, redirect=None, status=None)) after connection broken by 'SSLError(SSLCertVerificationError(1, '[SSL: CERTIFICATE_VERIFY_FAILED] certificate verify failed: self-signed certificate (_ssl.c:1028)'))': /api/login</msg>
<msg time="2025-07-23T00:58:07.001643" level="FAIL">SSLError: HTTPSConnectionPool(host='quality-eagles.qacoders.dev.br', port=443): Max retries exceeded with url: /api/login (Caused by SSLError(SSLCertVerificationError(1, '[SSL: CERTIFICATE_VERIFY_FAILED] certificate verify failed: self-signed certificate (_ssl.c:1028)')))</msg>
<var>${resposta}</var>
<arg>alias=qualityeagles</arg>
<arg>url=/login</arg>
<arg>json=${body}</arg>
<doc>Sends a POST request on a previously created HTTP Session.</doc>
<status status="FAIL" start="2025-07-23T00:58:04.920546" elapsed="2.085275">SSLError: HTTPSConnectionPool(host='quality-eagles.qacoders.dev.br', port=443): Max retries exceeded with url: /api/login (Caused by SSLError(SSLCertVerificationError(1, '[SSL: CERTIFICATE_VERIFY_FAILED] certificate verify failed: self-signed certificate (_ssl.c:1028)')))</status>
</kw>
<kw name="Status Should Be" owner="RequestsLibrary">
<arg>200</arg>
<arg>${resposta}</arg>
<doc>Fails if response status code is different than the expected.</doc>
<status status="NOT RUN" start="2025-07-23T00:58:07.006014" elapsed="0.000028"/>
</kw>
<return>
<value>${resposta.json()["token"]}</value>
<status status="NOT RUN" start="2025-07-23T00:58:07.006096" elapsed="0.000019"/>
</return>
<var>${TOKEN}</var>
<status status="FAIL" start="2025-07-23T00:58:04.919129" elapsed="2.087081">SSLError: HTTPSConnectionPool(host='quality-eagles.qacoders.dev.br', port=443): Max retries exceeded with url: /api/login (Caused by SSLError(SSLCertVerificationError(1, '[SSL: CERTIFICATE_VERIFY_FAILED] certificate verify failed: self-signed certificate (_ssl.c:1028)')))</status>
</kw>
<kw name="GET On Session" owner="RequestsLibrary">
<var>${response}</var>
<arg>alias=qualityeagles</arg>
<arg>url=/user/${id_não_encontrado}?token=${TOKEN}</arg>
<arg>expected_status=Any</arg>
<doc>Sends a GET request on a previously created HTTP Session.</doc>
<status status="NOT RUN" start="2025-07-23T00:58:07.006307" elapsed="0.000018"/>
</kw>
<kw name="Status Should Be" owner="RequestsLibrary">
<arg>404</arg>
<doc>Fails if response status code is different than the expected.</doc>
<status status="NOT RUN" start="2025-07-23T00:58:07.006411" elapsed="0.000017"/>
</kw>
<kw name="Should Be Equal As Strings" owner="BuiltIn">
<arg>${response.json()["alert"][0]}</arg>
<arg>Esse usuário não existe em nossa base de dados.</arg>
<doc>Fails if objects are unequal after converting them to strings.</doc>
<status status="NOT RUN" start="2025-07-23T00:58:07.006499" elapsed="0.000016"/>
</kw>
<status status="FAIL" start="2025-07-23T00:58:04.918856" elapsed="2.087731">SSLError: HTTPSConnectionPool(host='quality-eagles.qacoders.dev.br', port=443): Max retries exceeded with url: /api/login (Caused by SSLError(SSLCertVerificationError(1, '[SSL: CERTIFICATE_VERIFY_FAILED] certificate verify failed: self-signed certificate (_ssl.c:1028)')))</status>
</kw>
<status status="FAIL" start="2025-07-23T00:58:04.918497" elapsed="2.088225">SSLError: HTTPSConnectionPool(host='quality-eagles.qacoders.dev.br', port=443): Max retries exceeded with url: /api/login (Caused by SSLError(SSLCertVerificationError(1, '[SSL: CERTIFICATE_VERIFY_FAILED] certificate verify failed: self-signed certificate (_ssl.c:1028)')))</status>
</test>
<test id="s1-s1-t5" name="Contar Usuarios" line="35">
<kw name="Contar usuarios">
<kw name="Pegar Token">
<kw name="Create Dictionary" owner="BuiltIn">
<msg time="2025-07-23T00:58:07.007935" level="INFO">${body} = {'mail': 'sysadmin@qacoders.com', 'password': '1234@Test'}</msg>
<var>${body}</var>
<arg>mail=sysadmin@qacoders.com</arg>
<arg>password=1234@Test</arg>
<doc>Creates and returns a dictionary based on the given ``items``.</doc>
<status status="PASS" start="2025-07-23T00:58:07.007731" elapsed="0.000235"/>
</kw>
<kw name="Criar Sessao">
<kw name="Create Dictionary" owner="BuiltIn">
<msg time="2025-07-23T00:58:07.008447" level="INFO">${headers} = {'accept': 'application/json', 'content-type': 'application/json'}</msg>
<var>${headers}</var>
<arg>accept=application/json</arg>
<arg>content-type=application/json</arg>
<doc>Creates and returns a dictionary based on the given ``items``.</doc>
<status status="PASS" start="2025-07-23T00:58:07.008252" elapsed="0.000218"/>
</kw>
<kw name="Create Session" owner="RequestsLibrary">
<msg time="2025-07-23T00:58:07.008789" level="INFO">Creating Session using : alias=qualityeagles, url=https://quality-eagles.qacoders.dev.br/api/, headers={'accept': 'application/json', 'content-type': 'application/json'},                     cookies={}, auth=None, timeout=None, proxies=None, verify=True,                     debug=0 </msg>
<arg>alias=qualityeagles</arg>
<arg>url=${BASEURL}</arg>
<arg>headers=${headers}</arg>
<arg>verify=true</arg>
<doc>Create Session: create a HTTP session to a server</doc>
<status status="PASS" start="2025-07-23T00:58:07.008563" elapsed="0.000375"/>
</kw>
<status status="PASS" start="2025-07-23T00:58:07.008074" elapsed="0.000922"/>
</kw>
<kw name="POST On Session" owner="RequestsLibrary">
<msg time="2025-07-23T00:58:07.484979" level="WARN">Retrying (RetryAdapter(total=2, connect=None, read=None, redirect=None, status=None)) after connection broken by 'SSLError(SSLCertVerificationError(1, '[SSL: CERTIFICATE_VERIFY_FAILED] certificate verify failed: self-signed certificate (_ssl.c:1028)'))': /api/login</msg>
<msg time="2025-07-23T00:58:08.163534" level="WARN">Retrying (RetryAdapter(total=1, connect=None, read=None, redirect=None, status=None)) after connection broken by 'SSLError(SSLCertVerificationError(1, '[SSL: CERTIFICATE_VERIFY_FAILED] certificate verify failed: self-signed certificate (_ssl.c:1028)'))': /api/login</msg>
<msg time="2025-07-23T00:58:08.817637" level="WARN">Retrying (RetryAdapter(total=0, connect=None, read=None, redirect=None, status=None)) after connection broken by 'SSLError(SSLCertVerificationError(1, '[SSL: CERTIFICATE_VERIFY_FAILED] certificate verify failed: self-signed certificate (_ssl.c:1028)'))': /api/login</msg>
<msg time="2025-07-23T00:58:09.074312" level="FAIL">SSLError: HTTPSConnectionPool(host='quality-eagles.qacoders.dev.br', port=443): Max retries exceeded with url: /api/login (Caused by SSLError(SSLCertVerificationError(1, '[SSL: CERTIFICATE_VERIFY_FAILED] certificate verify failed: self-signed certificate (_ssl.c:1028)')))</msg>
<var>${resposta}</var>
<arg>alias=qualityeagles</arg>
<arg>url=/login</arg>
<arg>json=${body}</arg>
<doc>Sends a POST request on a previously created HTTP Session.</doc>
<status status="FAIL" start="2025-07-23T00:58:07.009069" elapsed="2.070119">SSLError: HTTPSConnectionPool(host='quality-eagles.qacoders.dev.br', port=443): Max retries exceeded with url: /api/login (Caused by SSLError(SSLCertVerificationError(1, '[SSL: CERTIFICATE_VERIFY_FAILED] certificate verify failed: self-signed certificate (_ssl.c:1028)')))</status>
</kw>
<kw name="Status Should Be" owner="RequestsLibrary">
<arg>200</arg>
<arg>${resposta}</arg>
<doc>Fails if response status code is different than the expected.</doc>
<status status="NOT RUN" start="2025-07-23T00:58:09.079354" elapsed="0.000026"/>
</kw>
<return>
<value>${resposta.json()["token"]}</value>
<status status="NOT RUN" start="2025-07-23T00:58:09.079424" elapsed="0.000019"/>
</return>
<var>${TOKEN}</var>
<status status="FAIL" start="2025-07-23T00:58:07.007554" elapsed="2.071981">SSLError: HTTPSConnectionPool(host='quality-eagles.qacoders.dev.br', port=443): Max retries exceeded with url: /api/login (Caused by SSLError(SSLCertVerificationError(1, '[SSL: CERTIFICATE_VERIFY_FAILED] certificate verify failed: self-signed certificate (_ssl.c:1028)')))</status>
</kw>
<kw name="GET On Session" owner="RequestsLibrary">
<arg>alias=qualityeagles</arg>
<arg>url=/user/count?token=${TOKEN}</arg>
<doc>Sends a GET request on a previously created HTTP Session.</doc>
<status status="NOT RUN" start="2025-07-23T00:58:09.079627" elapsed="0.000018"/>
</kw>
<kw name="Status Should Be" owner="RequestsLibrary">
<arg>200</arg>
<doc>Fails if response status code is different than the expected.</doc>
<status status="NOT RUN" start="2025-07-23T00:58:09.079722" elapsed="0.000016"/>
</kw>
<status status="FAIL" start="2025-07-23T00:58:07.007308" elapsed="2.072500">SSLError: HTTPSConnectionPool(host='quality-eagles.qacoders.dev.br', port=443): Max retries exceeded with url: /api/login (Caused by SSLError(SSLCertVerificationError(1, '[SSL: CERTIFICATE_VERIFY_FAILED] certificate verify failed: self-signed certificate (_ssl.c:1028)')))</status>
</kw>
<status status="FAIL" start="2025-07-23T00:58:07.006983" elapsed="2.072978">SSLError: HTTPSConnectionPool(host='quality-eagles.qacoders.dev.br', port=443): Max retries exceeded with url: /api/login (Caused by SSLError(SSLCertVerificationError(1, '[SSL: CERTIFICATE_VERIFY_FAILED] certificate verify failed: self-signed certificate (_ssl.c:1028)')))</status>
</test>
<test id="s1-s1-t6" name="Mostrar Usuario por ID" line="37">
<kw name="Mostrar Usuario por ID">
<kw name="Pegar Token">
<kw name="Create Dictionary" owner="BuiltIn">
<msg time="2025-07-23T00:58:09.081273" level="INFO">${body} = {'mail': 'sysadmin@qacoders.com', 'password': '1234@Test'}</msg>
<var>${body}</var>
<arg>mail=sysadmin@qacoders.com</arg>
<arg>password=1234@Test</arg>
<doc>Creates and returns a dictionary based on the given ``items``.</doc>
<status status="PASS" start="2025-07-23T00:58:09.081099" elapsed="0.000199"/>
</kw>
<kw name="Criar Sessao">
<kw name="Create Dictionary" owner="BuiltIn">
<msg time="2025-07-23T00:58:09.081719" level="INFO">${headers} = {'accept': 'application/json', 'content-type': 'application/json'}</msg>
<var>${headers}</var>
<arg>accept=application/json</arg>
<arg>content-type=application/json</arg>
<doc>Creates and returns a dictionary based on the given ``items``.</doc>
<status status="PASS" start="2025-07-23T00:58:09.081577" elapsed="0.000166"/>
</kw>
<kw name="Create Session" owner="RequestsLibrary">
<msg time="2025-07-23T00:58:09.082077" level="INFO">Creating Session using : alias=qualityeagles, url=https://quality-eagles.qacoders.dev.br/api/, headers={'accept': 'application/json', 'content-type': 'application/json'},                     cookies={}, auth=None, timeout=None, proxies=None, verify=True,                     debug=0 </msg>
<arg>alias=qualityeagles</arg>
<arg>url=${BASEURL}</arg>
<arg>headers=${headers}</arg>
<arg>verify=true</arg>
<doc>Create Session: create a HTTP session to a server</doc>
<status status="PASS" start="2025-07-23T00:58:09.081828" elapsed="0.000377"/>
</kw>
<status status="PASS" start="2025-07-23T00:58:09.081405" elapsed="0.000856"/>
</kw>
<kw name="POST On Session" owner="RequestsLibrary">
<msg time="2025-07-23T00:58:09.336883" level="WARN">Retrying (RetryAdapter(total=2, connect=None, read=None, redirect=None, status=None)) after connection broken by 'SSLError(SSLCertVerificationError(1, '[SSL: CERTIFICATE_VERIFY_FAILED] certificate verify failed: self-signed certificate (_ssl.c:1028)'))': /api/login</msg>
<msg time="2025-07-23T00:58:09.794470" level="WARN">Retrying (RetryAdapter(total=1, connect=None, read=None, redirect=None, status=None)) after connection broken by 'SSLError(SSLCertVerificationError(1, '[SSL: CERTIFICATE_VERIFY_FAILED] certificate verify failed: self-signed certificate (_ssl.c:1028)'))': /api/login</msg>
<msg time="2025-07-23T00:58:10.453484" level="WARN">Retrying (RetryAdapter(total=0, connect=None, read=None, redirect=None, status=None)) after connection broken by 'SSLError(SSLCertVerificationError(1, '[SSL: CERTIFICATE_VERIFY_FAILED] certificate verify failed: self-signed certificate (_ssl.c:1028)'))': /api/login</msg>
<msg time="2025-07-23T00:58:10.707092" level="FAIL">SSLError: HTTPSConnectionPool(host='quality-eagles.qacoders.dev.br', port=443): Max retries exceeded with url: /api/login (Caused by SSLError(SSLCertVerificationError(1, '[SSL: CERTIFICATE_VERIFY_FAILED] certificate verify failed: self-signed certificate (_ssl.c:1028)')))</msg>
<var>${resposta}</var>
<arg>alias=qualityeagles</arg>
<arg>url=/login</arg>
<arg>json=${body}</arg>
<doc>Sends a POST request on a previously created HTTP Session.</doc>
<status status="FAIL" start="2025-07-23T00:58:09.082334" elapsed="1.629027">SSLError: HTTPSConnectionPool(host='quality-eagles.qacoders.dev.br', port=443): Max retries exceeded with url: /api/login (Caused by SSLError(SSLCertVerificationError(1, '[SSL: CERTIFICATE_VERIFY_FAILED] certificate verify failed: self-signed certificate (_ssl.c:1028)')))</status>
</kw>
<kw name="Status Should Be" owner="RequestsLibrary">
<arg>200</arg>
<arg>${resposta}</arg>
<doc>Fails if response status code is different than the expected.</doc>
<status status="NOT RUN" start="2025-07-23T00:58:10.711573" elapsed="0.000027"/>
</kw>
<return>
<value>${resposta.json()["token"]}</value>
<status status="NOT RUN" start="2025-07-23T00:58:10.711645" elapsed="0.000020"/>
</return>
<var>${TOKEN}</var>
<status status="FAIL" start="2025-07-23T00:58:09.080898" elapsed="1.630863">SSLError: HTTPSConnectionPool(host='quality-eagles.qacoders.dev.br', port=443): Max retries exceeded with url: /api/login (Caused by SSLError(SSLCertVerificationError(1, '[SSL: CERTIFICATE_VERIFY_FAILED] certificate verify failed: self-signed certificate (_ssl.c:1028)')))</status>
</kw>
<kw name="GET On Session" owner="RequestsLibrary">
<arg>alias=qualityeagles</arg>
<arg>url=/user/${Novo_Usuario_ID}?token=${TOKEN}</arg>
<doc>Sends a GET request on a previously created HTTP Session.</doc>
<status status="NOT RUN" start="2025-07-23T00:58:10.711853" elapsed="0.000018"/>
</kw>
<kw name="Status Should Be" owner="RequestsLibrary">
<arg>200</arg>
<doc>Fails if response status code is different than the expected.</doc>
<status status="NOT RUN" start="2025-07-23T00:58:10.711965" elapsed="0.000017"/>
</kw>
<kw name="Should Be Equal As Strings" owner="BuiltIn">
<arg>${new_full_name}</arg>
<arg>Ana Gomes</arg>
<doc>Fails if objects are unequal after converting them to strings.</doc>
<status status="NOT RUN" start="2025-07-23T00:58:10.712054" elapsed="0.000016"/>
</kw>
<status status="FAIL" start="2025-07-23T00:58:09.080576" elapsed="1.631567">SSLError: HTTPSConnectionPool(host='quality-eagles.qacoders.dev.br', port=443): Max retries exceeded with url: /api/login (Caused by SSLError(SSLCertVerificationError(1, '[SSL: CERTIFICATE_VERIFY_FAILED] certificate verify failed: self-signed certificate (_ssl.c:1028)')))</status>
</kw>
<status status="FAIL" start="2025-07-23T00:58:09.080202" elapsed="1.632074">SSLError: HTTPSConnectionPool(host='quality-eagles.qacoders.dev.br', port=443): Max retries exceeded with url: /api/login (Caused by SSLError(SSLCertVerificationError(1, '[SSL: CERTIFICATE_VERIFY_FAILED] certificate verify failed: self-signed certificate (_ssl.c:1028)')))</status>
</test>
<test id="s1-s1-t7" name="Atualizar Status de usuario para false" line="39">
<kw name="Atualizar Status False">
<kw name="Pegar Token">
<kw name="Create Dictionary" owner="BuiltIn">
<msg time="2025-07-23T00:58:10.713476" level="INFO">${body} = {'mail': 'sysadmin@qacoders.com', 'password': '1234@Test'}</msg>
<var>${body}</var>
<arg>mail=sysadmin@qacoders.com</arg>
<arg>password=1234@Test</arg>
<doc>Creates and returns a dictionary based on the given ``items``.</doc>
<status status="PASS" start="2025-07-23T00:58:10.713300" elapsed="0.000201"/>
</kw>
<kw name="Criar Sessao">
<kw name="Create Dictionary" owner="BuiltIn">
<msg time="2025-07-23T00:58:10.713921" level="INFO">${headers} = {'accept': 'application/json', 'content-type': 'application/json'}</msg>
<var>${headers}</var>
<arg>accept=application/json</arg>
<arg>content-type=application/json</arg>
<doc>Creates and returns a dictionary based on the given ``items``.</doc>
<status status="PASS" start="2025-07-23T00:58:10.713770" elapsed="0.000176"/>
</kw>
<kw name="Create Session" owner="RequestsLibrary">
<msg time="2025-07-23T00:58:10.714255" level="INFO">Creating Session using : alias=qualityeagles, url=https://quality-eagles.qacoders.dev.br/api/, headers={'accept': 'application/json', 'content-type': 'application/json'},                     cookies={}, auth=None, timeout=None, proxies=None, verify=True,                     debug=0 </msg>
<arg>alias=qualityeagles</arg>
<arg>url=${BASEURL}</arg>
<arg>headers=${headers}</arg>
<arg>verify=true</arg>
<doc>Create Session: create a HTTP session to a server</doc>
<status status="PASS" start="2025-07-23T00:58:10.714031" elapsed="0.000358"/>
</kw>
<status status="PASS" start="2025-07-23T00:58:10.713604" elapsed="0.000840"/>
</kw>
<kw name="POST On Session" owner="RequestsLibrary">
<msg time="2025-07-23T00:58:11.190482" level="WARN">Retrying (RetryAdapter(total=2, connect=None, read=None, redirect=None, status=None)) after connection broken by 'SSLError(SSLCertVerificationError(1, '[SSL: CERTIFICATE_VERIFY_FAILED] certificate verify failed: self-signed certificate (_ssl.c:1028)'))': /api/login</msg>
<msg time="2025-07-23T00:58:11.645661" level="WARN">Retrying (RetryAdapter(total=1, connect=None, read=None, redirect=None, status=None)) after connection broken by 'SSLError(SSLCertVerificationError(1, '[SSL: CERTIFICATE_VERIFY_FAILED] certificate verify failed: self-signed certificate (_ssl.c:1028)'))': /api/login</msg>
<msg time="2025-07-23T00:58:12.594009" level="WARN">Retrying (RetryAdapter(total=0, connect=None, read=None, redirect=None, status=None)) after connection broken by 'SSLError(SSLCertVerificationError(1, '[SSL: CERTIFICATE_VERIFY_FAILED] certificate verify failed: self-signed certificate (_ssl.c:1028)'))': /api/login</msg>
<msg time="2025-07-23T00:58:12.858151" level="FAIL">SSLError: HTTPSConnectionPool(host='quality-eagles.qacoders.dev.br', port=443): Max retries exceeded with url: /api/login (Caused by SSLError(SSLCertVerificationError(1, '[SSL: CERTIFICATE_VERIFY_FAILED] certificate verify failed: self-signed certificate (_ssl.c:1028)')))</msg>
<var>${resposta}</var>
<arg>alias=qualityeagles</arg>
<arg>url=/login</arg>
<arg>json=${body}</arg>
<doc>Sends a POST request on a previously created HTTP Session.</doc>
<status status="FAIL" start="2025-07-23T00:58:10.714516" elapsed="2.147939">SSLError: HTTPSConnectionPool(host='quality-eagles.qacoders.dev.br', port=443): Max retries exceeded with url: /api/login (Caused by SSLError(SSLCertVerificationError(1, '[SSL: CERTIFICATE_VERIFY_FAILED] certificate verify failed: self-signed certificate (_ssl.c:1028)')))</status>
</kw>
<kw name="Status Should Be" owner="RequestsLibrary">
<arg>200</arg>
<arg>${resposta}</arg>
<doc>Fails if response status code is different than the expected.</doc>
<status status="NOT RUN" start="2025-07-23T00:58:12.862621" elapsed="0.000025"/>
</kw>
<return>
<value>${resposta.json()["token"]}</value>
<status status="NOT RUN" start="2025-07-23T00:58:12.862690" elapsed="0.000019"/>
</return>
<var>${TOKEN}</var>
<status status="FAIL" start="2025-07-23T00:58:10.713128" elapsed="2.149675">SSLError: HTTPSConnectionPool(host='quality-eagles.qacoders.dev.br', port=443): Max retries exceeded with url: /api/login (Caused by SSLError(SSLCertVerificationError(1, '[SSL: CERTIFICATE_VERIFY_FAILED] certificate verify failed: self-signed certificate (_ssl.c:1028)')))</status>
</kw>
<kw name="Create Dictionary" owner="BuiltIn">
<var>${body}</var>
<arg>status=false</arg>
<doc>Creates and returns a dictionary based on the given ``items``.</doc>
<status status="NOT RUN" start="2025-07-23T00:58:12.862923" elapsed="0.000021"/>
</kw>
<kw name="PUT On Session" owner="RequestsLibrary">
<arg>alias=qualityeagles</arg>
<arg>url=/user/status/${ID_USER}?token=${TOKEN}</arg>
<arg>json=${body}</arg>
<doc>Sends a PUT request on a previously created HTTP Session.</doc>
<status status="NOT RUN" start="2025-07-23T00:58:12.863023" elapsed="0.000016"/>
</kw>
<kw name="Status Should Be" owner="RequestsLibrary">
<arg>200</arg>
<doc>Fails if response status code is different than the expected.</doc>
<status status="NOT RUN" start="2025-07-23T00:58:12.863112" elapsed="0.000017"/>
</kw>
<status status="FAIL" start="2025-07-23T00:58:10.712865" elapsed="2.150333">SSLError: HTTPSConnectionPool(host='quality-eagles.qacoders.dev.br', port=443): Max retries exceeded with url: /api/login (Caused by SSLError(SSLCertVerificationError(1, '[SSL: CERTIFICATE_VERIFY_FAILED] certificate verify failed: self-signed certificate (_ssl.c:1028)')))</status>
</kw>
<status status="FAIL" start="2025-07-23T00:58:10.712517" elapsed="2.150858">SSLError: HTTPSConnectionPool(host='quality-eagles.qacoders.dev.br', port=443): Max retries exceeded with url: /api/login (Caused by SSLError(SSLCertVerificationError(1, '[SSL: CERTIFICATE_VERIFY_FAILED] certificate verify failed: self-signed certificate (_ssl.c:1028)')))</status>
</test>
<test id="s1-s1-t8" name="Atualizar Status de usuario para true" line="41">
<kw name="Atualizar Status True">
<kw name="Pegar Token">
<kw name="Create Dictionary" owner="BuiltIn">
<msg time="2025-07-23T00:58:12.864591" level="INFO">${body} = {'mail': 'sysadmin@qacoders.com', 'password': '1234@Test'}</msg>
<var>${body}</var>
<arg>mail=sysadmin@qacoders.com</arg>
<arg>password=1234@Test</arg>
<doc>Creates and returns a dictionary based on the given ``items``.</doc>
<status status="PASS" start="2025-07-23T00:58:12.864413" elapsed="0.000202"/>
</kw>
<kw name="Criar Sessao">
<kw name="Create Dictionary" owner="BuiltIn">
<msg time="2025-07-23T00:58:12.865060" level="INFO">${headers} = {'accept': 'application/json', 'content-type': 'application/json'}</msg>
<var>${headers}</var>
<arg>accept=application/json</arg>
<arg>content-type=application/json</arg>
<doc>Creates and returns a dictionary based on the given ``items``.</doc>
<status status="PASS" start="2025-07-23T00:58:12.864885" elapsed="0.000198"/>
</kw>
<kw name="Create Session" owner="RequestsLibrary">
<msg time="2025-07-23T00:58:12.865388" level="INFO">Creating Session using : alias=qualityeagles, url=https://quality-eagles.qacoders.dev.br/api/, headers={'accept': 'application/json', 'content-type': 'application/json'},                     cookies={}, auth=None, timeout=None, proxies=None, verify=True,                     debug=0 </msg>
<arg>alias=qualityeagles</arg>
<arg>url=${BASEURL}</arg>
<arg>headers=${headers}</arg>
<arg>verify=true</arg>
<doc>Create Session: create a HTTP session to a server</doc>
<status status="PASS" start="2025-07-23T00:58:12.865166" elapsed="0.000362"/>
</kw>
<status status="PASS" start="2025-07-23T00:58:12.864719" elapsed="0.000865"/>
</kw>
<kw name="POST On Session" owner="RequestsLibrary">
<msg time="2025-07-23T00:58:13.120591" level="WARN">Retrying (RetryAdapter(total=2, connect=None, read=None, redirect=None, status=None)) after connection broken by 'SSLError(SSLCertVerificationError(1, '[SSL: CERTIFICATE_VERIFY_FAILED] certificate verify failed: self-signed certificate (_ssl.c:1028)'))': /api/login</msg>
<msg time="2025-07-23T00:58:13.573096" level="WARN">Retrying (RetryAdapter(total=1, connect=None, read=None, redirect=None, status=None)) after connection broken by 'SSLError(SSLCertVerificationError(1, '[SSL: CERTIFICATE_VERIFY_FAILED] certificate verify failed: self-signed certificate (_ssl.c:1028)'))': /api/login</msg>
<msg time="2025-07-23T00:58:14.509243" level="WARN">Retrying (RetryAdapter(total=0, connect=None, read=None, redirect=None, status=None)) after connection broken by 'SSLError(SSLCertVerificationError(1, '[SSL: CERTIFICATE_VERIFY_FAILED] certificate verify failed: self-signed certificate (_ssl.c:1028)'))': /api/login</msg>
<msg time="2025-07-23T00:58:14.763087" level="FAIL">SSLError: HTTPSConnectionPool(host='quality-eagles.qacoders.dev.br', port=443): Max retries exceeded with url: /api/login (Caused by SSLError(SSLCertVerificationError(1, '[SSL: CERTIFICATE_VERIFY_FAILED] certificate verify failed: self-signed certificate (_ssl.c:1028)')))</msg>
<var>${resposta}</var>
<arg>alias=qualityeagles</arg>
<arg>url=/login</arg>
<arg>json=${body}</arg>
<doc>Sends a POST request on a previously created HTTP Session.</doc>
<status status="FAIL" start="2025-07-23T00:58:12.865656" elapsed="1.901695">SSLError: HTTPSConnectionPool(host='quality-eagles.qacoders.dev.br', port=443): Max retries exceeded with url: /api/login (Caused by SSLError(SSLCertVerificationError(1, '[SSL: CERTIFICATE_VERIFY_FAILED] certificate verify failed: self-signed certificate (_ssl.c:1028)')))</status>
</kw>
<kw name="Status Should Be" owner="RequestsLibrary">
<arg>200</arg>
<arg>${resposta}</arg>
<doc>Fails if response status code is different than the expected.</doc>
<status status="NOT RUN" start="2025-07-23T00:58:14.767521" elapsed="0.000027"/>
</kw>
<return>
<value>${resposta.json()["token"]}</value>
<status status="NOT RUN" start="2025-07-23T00:58:14.767593" elapsed="0.000018"/>
</return>
<var>${TOKEN}</var>
<status status="FAIL" start="2025-07-23T00:58:12.864244" elapsed="1.903461">SSLError: HTTPSConnectionPool(host='quality-eagles.qacoders.dev.br', port=443): Max retries exceeded with url: /api/login (Caused by SSLError(SSLCertVerificationError(1, '[SSL: CERTIFICATE_VERIFY_FAILED] certificate verify failed: self-signed certificate (_ssl.c:1028)')))</status>
</kw>
<kw name="Create Dictionary" owner="BuiltIn">
<var>${body}</var>
<arg>status=true</arg>
<doc>Creates and returns a dictionary based on the given ``items``.</doc>
<status status="NOT RUN" start="2025-07-23T00:58:14.767809" elapsed="0.000019"/>
</kw>
<kw name="PUT On Session" owner="RequestsLibrary">
<arg>alias=qualityeagles</arg>
<arg>url=/user/status/${ID_USER}?token=${TOKEN}</arg>
<arg>json=${body}</arg>
<doc>Sends a PUT request on a previously created HTTP Session.</doc>
<status status="NOT RUN" start="2025-07-23T00:58:14.767902" elapsed="0.000034"/>
</kw>
<kw name="Status Should Be" owner="RequestsLibrary">
<arg>200</arg>
<doc>Fails if response status code is different than the expected.</doc>
<status status="NOT RUN" start="2025-07-23T00:58:14.768013" elapsed="0.000015"/>
</kw>
<status status="FAIL" start="2025-07-23T00:58:12.863996" elapsed="1.904102">SSLError: HTTPSConnectionPool(host='quality-eagles.qacoders.dev.br', port=443): Max retries exceeded with url: /api/login (Caused by SSLError(SSLCertVerificationError(1, '[SSL: CERTIFICATE_VERIFY_FAILED] certificate verify failed: self-signed certificate (_ssl.c:1028)')))</status>
</kw>
<status status="FAIL" start="2025-07-23T00:58:12.863614" elapsed="1.904623">SSLError: HTTPSConnectionPool(host='quality-eagles.qacoders.dev.br', port=443): Max retries exceeded with url: /api/login (Caused by SSLError(SSLCertVerificationError(1, '[SSL: CERTIFICATE_VERIFY_FAILED] certificate verify failed: self-signed certificate (_ssl.c:1028)')))</status>
</test>
<test id="s1-s1-t9" name="Atualizar email por ID" line="43">
<kw name="Atualizar email">
<kw name="Pegar Token">
<kw name="Create Dictionary" owner="BuiltIn">
<msg time="2025-07-23T00:58:14.769433" level="INFO">${body} = {'mail': 'sysadmin@qacoders.com', 'password': '1234@Test'}</msg>
<var>${body}</var>
<arg>mail=sysadmin@qacoders.com</arg>
<arg>password=1234@Test</arg>
<doc>Creates and returns a dictionary based on the given ``items``.</doc>
<status status="PASS" start="2025-07-23T00:58:14.769244" elapsed="0.000214"/>
</kw>
<kw name="Criar Sessao">
<kw name="Create Dictionary" owner="BuiltIn">
<msg time="2025-07-23T00:58:14.770453" level="INFO">${headers} = {'accept': 'application/json', 'content-type': 'application/json'}</msg>
<var>${headers}</var>
<arg>accept=application/json</arg>
<arg>content-type=application/json</arg>
<doc>Creates and returns a dictionary based on the given ``items``.</doc>
<status status="PASS" start="2025-07-23T00:58:14.769729" elapsed="0.000751"/>
</kw>
<kw name="Create Session" owner="RequestsLibrary">
<msg time="2025-07-23T00:58:14.770798" level="INFO">Creating Session using : alias=qualityeagles, url=https://quality-eagles.qacoders.dev.br/api/, headers={'accept': 'application/json', 'content-type': 'application/json'},                     cookies={}, auth=None, timeout=None, proxies=None, verify=True,                     debug=0 </msg>
<arg>alias=qualityeagles</arg>
<arg>url=${BASEURL}</arg>
<arg>headers=${headers}</arg>
<arg>verify=true</arg>
<doc>Create Session: create a HTTP session to a server</doc>
<status status="PASS" start="2025-07-23T00:58:14.770569" elapsed="0.000378"/>
</kw>
<status status="PASS" start="2025-07-23T00:58:14.769563" elapsed="0.001442"/>
</kw>
<kw name="POST On Session" owner="RequestsLibrary">
<msg time="2025-07-23T00:58:15.138324" level="WARN">Retrying (RetryAdapter(total=2, connect=None, read=None, redirect=None, status=None)) after connection broken by 'SSLError(SSLCertVerificationError(1, '[SSL: CERTIFICATE_VERIFY_FAILED] certificate verify failed: self-signed certificate (_ssl.c:1028)'))': /api/login</msg>
<msg time="2025-07-23T00:58:15.596066" level="WARN">Retrying (RetryAdapter(total=1, connect=None, read=None, redirect=None, status=None)) after connection broken by 'SSLError(SSLCertVerificationError(1, '[SSL: CERTIFICATE_VERIFY_FAILED] certificate verify failed: self-signed certificate (_ssl.c:1028)'))': /api/login</msg>
<msg time="2025-07-23T00:58:16.249427" level="WARN">Retrying (RetryAdapter(total=0, connect=None, read=None, redirect=None, status=None)) after connection broken by 'SSLError(SSLCertVerificationError(1, '[SSL: CERTIFICATE_VERIFY_FAILED] certificate verify failed: self-signed certificate (_ssl.c:1028)'))': /api/login</msg>
<msg time="2025-07-23T00:58:16.502380" level="FAIL">SSLError: HTTPSConnectionPool(host='quality-eagles.qacoders.dev.br', port=443): Max retries exceeded with url: /api/login (Caused by SSLError(SSLCertVerificationError(1, '[SSL: CERTIFICATE_VERIFY_FAILED] certificate verify failed: self-signed certificate (_ssl.c:1028)')))</msg>
<var>${resposta}</var>
<arg>alias=qualityeagles</arg>
<arg>url=/login</arg>
<arg>json=${body}</arg>
<doc>Sends a POST request on a previously created HTTP Session.</doc>
<status status="FAIL" start="2025-07-23T00:58:14.771079" elapsed="1.735476">SSLError: HTTPSConnectionPool(host='quality-eagles.qacoders.dev.br', port=443): Max retries exceeded with url: /api/login (Caused by SSLError(SSLCertVerificationError(1, '[SSL: CERTIFICATE_VERIFY_FAILED] certificate verify failed: self-signed certificate (_ssl.c:1028)')))</status>
</kw>
<kw name="Status Should Be" owner="RequestsLibrary">
<arg>200</arg>
<arg>${resposta}</arg>
<doc>Fails if response status code is different than the expected.</doc>
<status status="NOT RUN" start="2025-07-23T00:58:16.506722" elapsed="0.000026"/>
</kw>
<return>
<value>${resposta.json()["token"]}</value>
<status status="NOT RUN" start="2025-07-23T00:58:16.506792" elapsed="0.000018"/>
</return>
<var>${TOKEN}</var>
<status status="FAIL" start="2025-07-23T00:58:14.769074" elapsed="1.737828">SSLError: HTTPSConnectionPool(host='quality-eagles.qacoders.dev.br', port=443): Max retries exceeded with url: /api/login (Caused by SSLError(SSLCertVerificationError(1, '[SSL: CERTIFICATE_VERIFY_FAILED] certificate verify failed: self-signed certificate (_ssl.c:1028)')))</status>
</kw>
<kw name="Create Dictionary" owner="BuiltIn">
<var>${body}</var>
<arg>email=testes@test.com</arg>
<doc>Creates and returns a dictionary based on the given ``items``.</doc>
<status status="NOT RUN" start="2025-07-23T00:58:16.507048" elapsed="0.000019"/>
</kw>
<kw name="PUT On Session" owner="RequestsLibrary">
<arg>alias=qualityeagles</arg>
<arg>url=/user/status/${ID_USER}?token=${TOKEN}</arg>
<arg>json=${body}</arg>
<doc>Sends a PUT request on a previously created HTTP Session.</doc>
<status status="NOT RUN" start="2025-07-23T00:58:16.507144" elapsed="0.000015"/>
</kw>
<kw name="Status Should Be" owner="RequestsLibrary">
<arg>200</arg>
<doc>Fails if response status code is different than the expected.</doc>
<status status="NOT RUN" start="2025-07-23T00:58:16.507230" elapsed="0.000014"/>
</kw>
<status status="FAIL" start="2025-07-23T00:58:14.768802" elapsed="1.738514">SSLError: HTTPSConnectionPool(host='quality-eagles.qacoders.dev.br', port=443): Max retries exceeded with url: /api/login (Caused by SSLError(SSLCertVerificationError(1, '[SSL: CERTIFICATE_VERIFY_FAILED] certificate verify failed: self-signed certificate (_ssl.c:1028)')))</status>
</kw>
<status status="FAIL" start="2025-07-23T00:58:14.768473" elapsed="1.738975">SSLError: HTTPSConnectionPool(host='quality-eagles.qacoders.dev.br', port=443): Max retries exceeded with url: /api/login (Caused by SSLError(SSLCertVerificationError(1, '[SSL: CERTIFICATE_VERIFY_FAILED] certificate verify failed: self-signed certificate (_ssl.c:1028)')))</status>
</test>
<test id="s1-s1-t10" name="Atualizar nome por ID" line="45">
<kw name="Atualizar Nome">
<kw name="Pegar Token">
<kw name="Create Dictionary" owner="BuiltIn">
<msg time="2025-07-23T00:58:16.508619" level="INFO">${body} = {'mail': 'sysadmin@qacoders.com', 'password': '1234@Test'}</msg>
<var>${body}</var>
<arg>mail=sysadmin@qacoders.com</arg>
<arg>password=1234@Test</arg>
<doc>Creates and returns a dictionary based on the given ``items``.</doc>
<status status="PASS" start="2025-07-23T00:58:16.508446" elapsed="0.000197"/>
</kw>
<kw name="Criar Sessao">
<kw name="Create Dictionary" owner="BuiltIn">
<msg time="2025-07-23T00:58:16.509081" level="INFO">${headers} = {'accept': 'application/json', 'content-type': 'application/json'}</msg>
<var>${headers}</var>
<arg>accept=application/json</arg>
<arg>content-type=application/json</arg>
<doc>Creates and returns a dictionary based on the given ``items``.</doc>
<status status="PASS" start="2025-07-23T00:58:16.508935" elapsed="0.000169"/>
</kw>
<kw name="Create Session" owner="RequestsLibrary">
<msg time="2025-07-23T00:58:16.509413" level="INFO">Creating Session using : alias=qualityeagles, url=https://quality-eagles.qacoders.dev.br/api/, headers={'accept': 'application/json', 'content-type': 'application/json'},                     cookies={}, auth=None, timeout=None, proxies=None, verify=True,                     debug=0 </msg>
<arg>alias=qualityeagles</arg>
<arg>url=${BASEURL}</arg>
<arg>headers=${headers}</arg>
<arg>verify=true</arg>
<doc>Create Session: create a HTTP session to a server</doc>
<status status="PASS" start="2025-07-23T00:58:16.509188" elapsed="0.000352"/>
</kw>
<status status="PASS" start="2025-07-23T00:58:16.508747" elapsed="0.000848"/>
</kw>
<kw name="POST On Session" owner="RequestsLibrary">
<msg time="2025-07-23T00:58:16.763954" level="WARN">Retrying (RetryAdapter(total=2, connect=None, read=None, redirect=None, status=None)) after connection broken by 'SSLError(SSLCertVerificationError(1, '[SSL: CERTIFICATE_VERIFY_FAILED] certificate verify failed: self-signed certificate (_ssl.c:1028)'))': /api/login</msg>
<msg time="2025-07-23T00:58:17.220852" level="WARN">Retrying (RetryAdapter(total=1, connect=None, read=None, redirect=None, status=None)) after connection broken by 'SSLError(SSLCertVerificationError(1, '[SSL: CERTIFICATE_VERIFY_FAILED] certificate verify failed: self-signed certificate (_ssl.c:1028)'))': /api/login</msg>
<msg time="2025-07-23T00:58:17.875291" level="WARN">Retrying (RetryAdapter(total=0, connect=None, read=None, redirect=None, status=None)) after connection broken by 'SSLError(SSLCertVerificationError(1, '[SSL: CERTIFICATE_VERIFY_FAILED] certificate verify failed: self-signed certificate (_ssl.c:1028)'))': /api/login</msg>
<msg time="2025-07-23T00:58:18.132675" level="FAIL">SSLError: HTTPSConnectionPool(host='quality-eagles.qacoders.dev.br', port=443): Max retries exceeded with url: /api/login (Caused by SSLError(SSLCertVerificationError(1, '[SSL: CERTIFICATE_VERIFY_FAILED] certificate verify failed: self-signed certificate (_ssl.c:1028)')))</msg>
<var>${resposta}</var>
<arg>alias=qualityeagles</arg>
<arg>url=/login</arg>
<arg>json=${body}</arg>
<doc>Sends a POST request on a previously created HTTP Session.</doc>
<status status="FAIL" start="2025-07-23T00:58:16.509667" elapsed="1.627362">SSLError: HTTPSConnectionPool(host='quality-eagles.qacoders.dev.br', port=443): Max retries exceeded with url: /api/login (Caused by SSLError(SSLCertVerificationError(1, '[SSL: CERTIFICATE_VERIFY_FAILED] certificate verify failed: self-signed certificate (_ssl.c:1028)')))</status>
</kw>
<kw name="Status Should Be" owner="RequestsLibrary">
<arg>200</arg>
<arg>${resposta}</arg>
<doc>Fails if response status code is different than the expected.</doc>
<status status="NOT RUN" start="2025-07-23T00:58:18.137204" elapsed="0.000025"/>
</kw>
<return>
<value>${resposta.json()["token"]}</value>
<status status="NOT RUN" start="2025-07-23T00:58:18.137273" elapsed="0.000019"/>
</return>
<var>${TOKEN}</var>
<status status="FAIL" start="2025-07-23T00:58:16.508278" elapsed="1.629108">SSLError: HTTPSConnectionPool(host='quality-eagles.qacoders.dev.br', port=443): Max retries exceeded with url: /api/login (Caused by SSLError(SSLCertVerificationError(1, '[SSL: CERTIFICATE_VERIFY_FAILED] certificate verify failed: self-signed certificate (_ssl.c:1028)')))</status>
</kw>
<kw name="Create Dictionary" owner="BuiltIn">
<var>${body}</var>
<arg>email=testes@test.com</arg>
<doc>Creates and returns a dictionary based on the given ``items``.</doc>
<status status="NOT RUN" start="2025-07-23T00:58:18.137535" elapsed="0.000019"/>
</kw>
<kw name="PUT On Session" owner="RequestsLibrary">
<arg>alias=qualityeagles</arg>
<arg>url=/user/status/${ID_USER}?token=${TOKEN}</arg>
<arg>json=${body}</arg>
<doc>Sends a PUT request on a previously created HTTP Session.</doc>
<status status="NOT RUN" start="2025-07-23T00:58:18.137633" elapsed="0.000016"/>
</kw>
<kw name="Status Should Be" owner="RequestsLibrary">
<arg>200</arg>
<doc>Fails if response status code is different than the expected.</doc>
<status status="NOT RUN" start="2025-07-23T00:58:18.137722" elapsed="0.000015"/>
</kw>
<status status="FAIL" start="2025-07-23T00:58:16.508048" elapsed="1.629758">SSLError: HTTPSConnectionPool(host='quality-eagles.qacoders.dev.br', port=443): Max retries exceeded with url: /api/login (Caused by SSLError(SSLCertVerificationError(1, '[SSL: CERTIFICATE_VERIFY_FAILED] certificate verify failed: self-signed certificate (_ssl.c:1028)')))</status>
</kw>
<status status="FAIL" start="2025-07-23T00:58:16.507683" elapsed="1.630277">SSLError: HTTPSConnectionPool(host='quality-eagles.qacoders.dev.br', port=443): Max retries exceeded with url: /api/login (Caused by SSLError(SSLCertVerificationError(1, '[SSL: CERTIFICATE_VERIFY_FAILED] certificate verify failed: self-signed certificate (_ssl.c:1028)')))</status>
</test>
<test id="s1-s1-t11" name="Delelar usuario com id invalido" line="48">
<kw name="Delelar usuario com id invalido">
<kw name="Pegar Token">
<kw name="Create Dictionary" owner="BuiltIn">
<msg time="2025-07-23T00:58:18.139139" level="INFO">${body} = {'mail': 'sysadmin@qacoders.com', 'password': '1234@Test'}</msg>
<var>${body}</var>
<arg>mail=sysadmin@qacoders.com</arg>
<arg>password=1234@Test</arg>
<doc>Creates and returns a dictionary based on the given ``items``.</doc>
<status status="PASS" start="2025-07-23T00:58:18.138961" elapsed="0.000203"/>
</kw>
<kw name="Criar Sessao">
<kw name="Create Dictionary" owner="BuiltIn">
<msg time="2025-07-23T00:58:18.139579" level="INFO">${headers} = {'accept': 'application/json', 'content-type': 'application/json'}</msg>
<var>${headers}</var>
<arg>accept=application/json</arg>
<arg>content-type=application/json</arg>
<doc>Creates and returns a dictionary based on the given ``items``.</doc>
<status status="PASS" start="2025-07-23T00:58:18.139440" elapsed="0.000162"/>
</kw>
<kw name="Create Session" owner="RequestsLibrary">
<msg time="2025-07-23T00:58:18.139926" level="INFO">Creating Session using : alias=qualityeagles, url=https://quality-eagles.qacoders.dev.br/api/, headers={'accept': 'application/json', 'content-type': 'application/json'},                     cookies={}, auth=None, timeout=None, proxies=None, verify=True,                     debug=0 </msg>
<arg>alias=qualityeagles</arg>
<arg>url=${BASEURL}</arg>
<arg>headers=${headers}</arg>
<arg>verify=true</arg>
<doc>Create Session: create a HTTP session to a server</doc>
<status status="PASS" start="2025-07-23T00:58:18.139687" elapsed="0.000379"/>
</kw>
<status status="PASS" start="2025-07-23T00:58:18.139270" elapsed="0.000853"/>
</kw>
<kw name="POST On Session" owner="RequestsLibrary">
<msg time="2025-07-23T00:58:18.615597" level="WARN">Retrying (RetryAdapter(total=2, connect=None, read=None, redirect=None, status=None)) after connection broken by 'SSLError(SSLCertVerificationError(1, '[SSL: CERTIFICATE_VERIFY_FAILED] certificate verify failed: self-signed certificate (_ssl.c:1028)'))': /api/login</msg>
<msg time="2025-07-23T00:58:19.072504" level="WARN">Retrying (RetryAdapter(total=1, connect=None, read=None, redirect=None, status=None)) after connection broken by 'SSLError(SSLCertVerificationError(1, '[SSL: CERTIFICATE_VERIFY_FAILED] certificate verify failed: self-signed certificate (_ssl.c:1028)'))': /api/login</msg>
<msg time="2025-07-23T00:58:20.093515" level="WARN">Retrying (RetryAdapter(total=0, connect=None, read=None, redirect=None, status=None)) after connection broken by 'SSLError(SSLCertVerificationError(1, '[SSL: CERTIFICATE_VERIFY_FAILED] certificate verify failed: self-signed certificate (_ssl.c:1028)'))': /api/login</msg>
<msg time="2025-07-23T00:58:20.631765" level="FAIL">SSLError: HTTPSConnectionPool(host='quality-eagles.qacoders.dev.br', port=443): Max retries exceeded with url: /api/login (Caused by SSLError(SSLCertVerificationError(1, '[SSL: CERTIFICATE_VERIFY_FAILED] certificate verify failed: self-signed certificate (_ssl.c:1028)')))</msg>
<var>${resposta}</var>
<arg>alias=qualityeagles</arg>
<arg>url=/login</arg>
<arg>json=${body}</arg>
<doc>Sends a POST request on a previously created HTTP Session.</doc>
<status status="FAIL" start="2025-07-23T00:58:18.140196" elapsed="2.495874">SSLError: HTTPSConnectionPool(host='quality-eagles.qacoders.dev.br', port=443): Max retries exceeded with url: /api/login (Caused by SSLError(SSLCertVerificationError(1, '[SSL: CERTIFICATE_VERIFY_FAILED] certificate verify failed: self-signed certificate (_ssl.c:1028)')))</status>
</kw>
<kw name="Status Should Be" owner="RequestsLibrary">
<arg>200</arg>
<arg>${resposta}</arg>
<doc>Fails if response status code is different than the expected.</doc>
<status status="NOT RUN" start="2025-07-23T00:58:20.636235" elapsed="0.000026"/>
</kw>
<return>
<value>${resposta.json()["token"]}</value>
<status status="NOT RUN" start="2025-07-23T00:58:20.636304" elapsed="0.000017"/>
</return>
<var>${TOKEN}</var>
<status status="FAIL" start="2025-07-23T00:58:18.138774" elapsed="2.497637">SSLError: HTTPSConnectionPool(host='quality-eagles.qacoders.dev.br', port=443): Max retries exceeded with url: /api/login (Caused by SSLError(SSLCertVerificationError(1, '[SSL: CERTIFICATE_VERIFY_FAILED] certificate verify failed: self-signed certificate (_ssl.c:1028)')))</status>
</kw>
<kw name="DELETE On Session" owner="RequestsLibrary">
<var>${response}</var>
<arg>alias=qualityeagles</arg>
<arg>url=/user/${id_invalido}?token=${token}</arg>
<arg>expected_status=any</arg>
<doc>Sends a DELETE request on a previously created HTTP Session.</doc>
<status status="NOT RUN" start="2025-07-23T00:58:20.636506" elapsed="0.000018"/>
</kw>
<kw name="Status Should Be" owner="RequestsLibrary">
<arg>400</arg>
<doc>Fails if response status code is different than the expected.</doc>
<status status="NOT RUN" start="2025-07-23T00:58:20.636601" elapsed="0.000015"/>
</kw>
<kw name="Should Be Equal As Strings" owner="BuiltIn">
<arg>${response.json()["alert"][0]}</arg>
<arg>Esse usuário não existe em nossa base de dados.</arg>
<doc>Fails if objects are unequal after converting them to strings.</doc>
<status status="NOT RUN" start="2025-07-23T00:58:20.636685" elapsed="0.000016"/>
</kw>
<status status="FAIL" start="2025-07-23T00:58:18.138530" elapsed="2.498242">SSLError: HTTPSConnectionPool(host='quality-eagles.qacoders.dev.br', port=443): Max retries exceeded with url: /api/login (Caused by SSLError(SSLCertVerificationError(1, '[SSL: CERTIFICATE_VERIFY_FAILED] certificate verify failed: self-signed certificate (_ssl.c:1028)')))</status>
</kw>
<status status="FAIL" start="2025-07-23T00:58:18.138186" elapsed="2.498733">SSLError: HTTPSConnectionPool(host='quality-eagles.qacoders.dev.br', port=443): Max retries exceeded with url: /api/login (Caused by SSLError(SSLCertVerificationError(1, '[SSL: CERTIFICATE_VERIFY_FAILED] certificate verify failed: self-signed certificate (_ssl.c:1028)')))</status>
</test>
<doc>Testes  Auth/Users/Api</doc>
<status status="FAIL" start="2025-07-23T00:57:56.942484" elapsed="23.694909"/>
</suite>
<suite id="s1-s2" name="Company" source="/home/runner/work/quality-eagles-academy13-api-robot/quality-eagles-academy13-api-robot/tests/company.robot">
<test id="s1-s2-t1" name="CT01 - Realizar Login" line="16">
<kw name="Realizar Login">
<kw name="Create Dictionary" owner="BuiltIn">
<msg time="2025-07-23T00:58:20.850997" level="INFO">${body} = {'mail': 'sysadmin@qacoders.com', 'password': '1234@Test'}</msg>
<var>${body}</var>
<arg>mail=${email}</arg>
<arg>password=${senha}</arg>
<doc>Creates and returns a dictionary based on the given ``items``.</doc>
<status status="PASS" start="2025-07-23T00:58:20.850729" elapsed="0.000313"/>
</kw>
<kw name="Criar Sessao">
<kw name="Create Dictionary" owner="BuiltIn">
<msg time="2025-07-23T00:58:20.851548" level="INFO">${headers} = {'accept': 'application/json', 'content-type': 'application/json'}</msg>
<var>${headers}</var>
<arg>accept=application/json</arg>
<arg>content-type=application/json</arg>
<doc>Creates and returns a dictionary based on the given ``items``.</doc>
<status status="PASS" start="2025-07-23T00:58:20.851406" elapsed="0.000164"/>
</kw>
<kw name="Create Session" owner="RequestsLibrary">
<msg time="2025-07-23T00:58:20.851876" level="INFO">Creating Session using : alias=qualityeagles, url=https://quality-eagles.qacoders.dev.br/api/, headers={'accept': 'application/json', 'content-type': 'application/json'},                     cookies={}, auth=None, timeout=None, proxies=None, verify=True,                     debug=0 </msg>
<arg>alias=qualityeagles</arg>
<arg>url=${BASE_URL}</arg>
<arg>headers=${headers}</arg>
<arg>verify=true</arg>
<doc>Create Session: create a HTTP session to a server</doc>
<status status="PASS" start="2025-07-23T00:58:20.851657" elapsed="0.000381"/>
</kw>
<doc>Criando sessao inicial para usar nas proximas requests</doc>
<status status="PASS" start="2025-07-23T00:58:20.851210" elapsed="0.000886"/>
</kw>
<kw name="POST On Session" owner="RequestsLibrary">
<msg time="2025-07-23T00:58:21.114141" level="WARN">Retrying (RetryAdapter(total=2, connect=None, read=None, redirect=None, status=None)) after connection broken by 'SSLError(SSLCertVerificationError(1, '[SSL: CERTIFICATE_VERIFY_FAILED] certificate verify failed: self-signed certificate (_ssl.c:1028)'))': /api/login</msg>
<msg time="2025-07-23T00:58:21.569819" level="WARN">Retrying (RetryAdapter(total=1, connect=None, read=None, redirect=None, status=None)) after connection broken by 'SSLError(SSLCertVerificationError(1, '[SSL: CERTIFICATE_VERIFY_FAILED] certificate verify failed: self-signed certificate (_ssl.c:1028)'))': /api/login</msg>
<msg time="2025-07-23T00:58:22.235066" level="WARN">Retrying (RetryAdapter(total=0, connect=None, read=None, redirect=None, status=None)) after connection broken by 'SSLError(SSLCertVerificationError(1, '[SSL: CERTIFICATE_VERIFY_FAILED] certificate verify failed: self-signed certificate (_ssl.c:1028)'))': /api/login</msg>
<msg time="2025-07-23T00:58:22.492211" level="FAIL">SSLError: HTTPSConnectionPool(host='quality-eagles.qacoders.dev.br', port=443): Max retries exceeded with url: /api/login (Caused by SSLError(SSLCertVerificationError(1, '[SSL: CERTIFICATE_VERIFY_FAILED] certificate verify failed: self-signed certificate (_ssl.c:1028)')))</msg>
<var>${resposta}</var>
<arg>alias=qualityeagles</arg>
<arg>expected_status=any</arg>
<arg>url=/login</arg>
<arg>json=${body}</arg>
<arg>timeout=60</arg>
<doc>Sends a POST request on a previously created HTTP Session.</doc>
<status status="FAIL" start="2025-07-23T00:58:20.852178" elapsed="1.644376">SSLError: HTTPSConnectionPool(host='quality-eagles.qacoders.dev.br', port=443): Max retries exceeded with url: /api/login (Caused by SSLError(SSLCertVerificationError(1, '[SSL: CERTIFICATE_VERIFY_FAILED] certificate verify failed: self-signed certificate (_ssl.c:1028)')))</status>
</kw>
<return>
<value>${resposta}</value>
<status status="NOT RUN" start="2025-07-23T00:58:22.496650" elapsed="0.000025"/>
</return>
<var>${resposta}</var>
<arg>email=sysadmin@qacoders.com</arg>
<arg>senha=1234@Test</arg>
<doc>Realizar Login</doc>
<status status="FAIL" start="2025-07-23T00:58:20.850413" elapsed="1.646362">SSLError: HTTPSConnectionPool(host='quality-eagles.qacoders.dev.br', port=443): Max retries exceeded with url: /api/login (Caused by SSLError(SSLCertVerificationError(1, '[SSL: CERTIFICATE_VERIFY_FAILED] certificate verify failed: self-signed certificate (_ssl.c:1028)')))</status>
</kw>
<kw name="Status Should Be" owner="RequestsLibrary">
<arg>200</arg>
<arg>${resposta}</arg>
<doc>Fails if response status code is different than the expected.</doc>
<status status="NOT RUN" start="2025-07-23T00:58:22.496941" elapsed="0.000024"/>
</kw>
<status status="FAIL" start="2025-07-23T00:58:20.849898" elapsed="1.647214">SSLError: HTTPSConnectionPool(host='quality-eagles.qacoders.dev.br', port=443): Max retries exceeded with url: /api/login (Caused by SSLError(SSLCertVerificationError(1, '[SSL: CERTIFICATE_VERIFY_FAILED] certificate verify failed: self-signed certificate (_ssl.c:1028)')))</status>
</test>
<test id="s1-s2-t2" name="CT02 - Criar Empresa com sucesso" line="19">
<kw name="Realizar Login">
<kw name="Create Dictionary" owner="BuiltIn">
<msg time="2025-07-23T00:58:22.498315" level="INFO">${body} = {'mail': 'sysadmin@qacoders.com', 'password': '1234@Test'}</msg>
<var>${body}</var>
<arg>mail=${email}</arg>
<arg>password=${senha}</arg>
<doc>Creates and returns a dictionary based on the given ``items``.</doc>
<status status="PASS" start="2025-07-23T00:58:22.498070" elapsed="0.000270"/>
</kw>
<kw name="Criar Sessao">
<kw name="Create Dictionary" owner="BuiltIn">
<msg time="2025-07-23T00:58:22.498766" level="INFO">${headers} = {'accept': 'application/json', 'content-type': 'application/json'}</msg>
<var>${headers}</var>
<arg>accept=application/json</arg>
<arg>content-type=application/json</arg>
<doc>Creates and returns a dictionary based on the given ``items``.</doc>
<status status="PASS" start="2025-07-23T00:58:22.498627" elapsed="0.000162"/>
</kw>
<kw name="Create Session" owner="RequestsLibrary">
<msg time="2025-07-23T00:58:22.499111" level="INFO">Creating Session using : alias=qualityeagles, url=https://quality-eagles.qacoders.dev.br/api/, headers={'accept': 'application/json', 'content-type': 'application/json'},                     cookies={}, auth=None, timeout=None, proxies=None, verify=True,                     debug=0 </msg>
<arg>alias=qualityeagles</arg>
<arg>url=${BASE_URL}</arg>
<arg>headers=${headers}</arg>
<arg>verify=true</arg>
<doc>Create Session: create a HTTP session to a server</doc>
<status status="PASS" start="2025-07-23T00:58:22.498876" elapsed="0.000375"/>
</kw>
<doc>Criando sessao inicial para usar nas proximas requests</doc>
<status status="PASS" start="2025-07-23T00:58:22.498451" elapsed="0.000861"/>
</kw>
<kw name="POST On Session" owner="RequestsLibrary">
<msg time="2025-07-23T00:58:22.852965" level="WARN">Retrying (RetryAdapter(total=2, connect=None, read=None, redirect=None, status=None)) after connection broken by 'SSLError(SSLCertVerificationError(1, '[SSL: CERTIFICATE_VERIFY_FAILED] certificate verify failed: self-signed certificate (_ssl.c:1028)'))': /api/login</msg>
<msg time="2025-07-23T00:58:23.306153" level="WARN">Retrying (RetryAdapter(total=1, connect=None, read=None, redirect=None, status=None)) after connection broken by 'SSLError(SSLCertVerificationError(1, '[SSL: CERTIFICATE_VERIFY_FAILED] certificate verify failed: self-signed certificate (_ssl.c:1028)'))': /api/login</msg>
<msg time="2025-07-23T00:58:23.961509" level="WARN">Retrying (RetryAdapter(total=0, connect=None, read=None, redirect=None, status=None)) after connection broken by 'SSLError(SSLCertVerificationError(1, '[SSL: CERTIFICATE_VERIFY_FAILED] certificate verify failed: self-signed certificate (_ssl.c:1028)'))': /api/login</msg>
<msg time="2025-07-23T00:58:24.215638" level="FAIL">SSLError: HTTPSConnectionPool(host='quality-eagles.qacoders.dev.br', port=443): Max retries exceeded with url: /api/login (Caused by SSLError(SSLCertVerificationError(1, '[SSL: CERTIFICATE_VERIFY_FAILED] certificate verify failed: self-signed certificate (_ssl.c:1028)')))</msg>
<var>${resposta}</var>
<arg>alias=qualityeagles</arg>
<arg>expected_status=any</arg>
<arg>url=/login</arg>
<arg>json=${body}</arg>
<arg>timeout=60</arg>
<doc>Sends a POST request on a previously created HTTP Session.</doc>
<status status="FAIL" start="2025-07-23T00:58:22.499389" elapsed="1.720489">SSLError: HTTPSConnectionPool(host='quality-eagles.qacoders.dev.br', port=443): Max retries exceeded with url: /api/login (Caused by SSLError(SSLCertVerificationError(1, '[SSL: CERTIFICATE_VERIFY_FAILED] certificate verify failed: self-signed certificate (_ssl.c:1028)')))</status>
</kw>
<return>
<value>${resposta}</value>
<status status="NOT RUN" start="2025-07-23T00:58:24.220052" elapsed="0.000025"/>
</return>
<var>${resposta}</var>
<arg>email=sysadmin@qacoders.com</arg>
<arg>senha=1234@Test</arg>
<doc>Realizar Login</doc>
<status status="FAIL" start="2025-07-23T00:58:22.497778" elapsed="1.722398">SSLError: HTTPSConnectionPool(host='quality-eagles.qacoders.dev.br', port=443): Max retries exceeded with url: /api/login (Caused by SSLError(SSLCertVerificationError(1, '[SSL: CERTIFICATE_VERIFY_FAILED] certificate verify failed: self-signed certificate (_ssl.c:1028)')))</status>
</kw>
<kw name="Status Should Be" owner="RequestsLibrary">
<arg>200</arg>
<arg>${resposta}</arg>
<doc>Fails if response status code is different than the expected.</doc>
<status status="NOT RUN" start="2025-07-23T00:58:24.220319" elapsed="0.000021"/>
</kw>
<status status="FAIL" start="2025-07-23T00:58:22.497350" elapsed="1.723127">SSLError: HTTPSConnectionPool(host='quality-eagles.qacoders.dev.br', port=443): Max retries exceeded with url: /api/login (Caused by SSLError(SSLCertVerificationError(1, '[SSL: CERTIFICATE_VERIFY_FAILED] certificate verify failed: self-signed certificate (_ssl.c:1028)')))</status>
</test>
<doc>Criar Empresa</doc>
<status status="FAIL" start="2025-07-23T00:58:20.637944" elapsed="3.582827"/>
</suite>
<suite id="s1-s3" name="Criar-Usuario" source="/home/runner/work/quality-eagles-academy13-api-robot/quality-eagles-academy13-api-robot/tests/criar-usuario.robot">
<test id="s1-s3-t1" name="CT01 - Realizar Login" line="16">
<kw name="Realizar Login">
<kw name="Create Dictionary" owner="BuiltIn">
<msg time="2025-07-23T00:58:24.224043" level="INFO">${body} = {'mail': 'sysadmin@qacoders.com', 'password': '1234@Test'}</msg>
<var>${body}</var>
<arg>mail=${email}</arg>
<arg>password=${senha}</arg>
<doc>Creates and returns a dictionary based on the given ``items``.</doc>
<status status="PASS" start="2025-07-23T00:58:24.223791" elapsed="0.000278"/>
</kw>
<kw name="Criar Sessao">
<kw name="Create Dictionary" owner="BuiltIn">
<msg time="2025-07-23T00:58:24.224888" level="INFO">${headers} = {'accept': 'application/json', 'content-type': 'application/json'}</msg>
<var>${headers}</var>
<arg>accept=application/json</arg>
<arg>content-type=application/json</arg>
<doc>Creates and returns a dictionary based on the given ``items``.</doc>
<status status="PASS" start="2025-07-23T00:58:24.224355" elapsed="0.000577"/>
</kw>
<kw name="Create Session" owner="RequestsLibrary">
<msg time="2025-07-23T00:58:24.225252" level="INFO">Creating Session using : alias=qualityeagles, url=https://quality-eagles.qacoders.dev.br/api/, headers={'accept': 'application/json', 'content-type': 'application/json'},                     cookies={}, auth=None, timeout=None, proxies=None, verify=True,                     debug=0 </msg>
<arg>alias=qualityeagles</arg>
<arg>url=${BASE_URL}</arg>
<arg>headers=${headers}</arg>
<arg>verify=true</arg>
<doc>Create Session: create a HTTP session to a server</doc>
<status status="PASS" start="2025-07-23T00:58:24.225028" elapsed="0.000352"/>
</kw>
<doc>Criando sessao inicial para usar nas proximas requests</doc>
<status status="PASS" start="2025-07-23T00:58:24.224178" elapsed="0.001258"/>
</kw>
<kw name="POST On Session" owner="RequestsLibrary">
<msg time="2025-07-23T00:58:24.694605" level="WARN">Retrying (RetryAdapter(total=2, connect=None, read=None, redirect=None, status=None)) after connection broken by 'SSLError(SSLCertVerificationError(1, '[SSL: CERTIFICATE_VERIFY_FAILED] certificate verify failed: self-signed certificate (_ssl.c:1028)'))': /api/login</msg>
<msg time="2025-07-23T00:58:25.150873" level="WARN">Retrying (RetryAdapter(total=1, connect=None, read=None, redirect=None, status=None)) after connection broken by 'SSLError(SSLCertVerificationError(1, '[SSL: CERTIFICATE_VERIFY_FAILED] certificate verify failed: self-signed certificate (_ssl.c:1028)'))': /api/login</msg>
<msg time="2025-07-23T00:58:25.807381" level="WARN">Retrying (RetryAdapter(total=0, connect=None, read=None, redirect=None, status=None)) after connection broken by 'SSLError(SSLCertVerificationError(1, '[SSL: CERTIFICATE_VERIFY_FAILED] certificate verify failed: self-signed certificate (_ssl.c:1028)'))': /api/login</msg>
<msg time="2025-07-23T00:58:26.752380" level="FAIL">SSLError: HTTPSConnectionPool(host='quality-eagles.qacoders.dev.br', port=443): Max retries exceeded with url: /api/login (Caused by SSLError(SSLCertVerificationError(1, '[SSL: CERTIFICATE_VERIFY_FAILED] certificate verify failed: self-signed certificate (_ssl.c:1028)')))</msg>
<var>${resposta}</var>
<arg>alias=qualityeagles</arg>
<arg>expected_status=any</arg>
<arg>url=/login</arg>
<arg>json=${body}</arg>
<doc>Sends a POST request on a previously created HTTP Session.</doc>
<status status="FAIL" start="2025-07-23T00:58:24.225514" elapsed="2.531145">SSLError: HTTPSConnectionPool(host='quality-eagles.qacoders.dev.br', port=443): Max retries exceeded with url: /api/login (Caused by SSLError(SSLCertVerificationError(1, '[SSL: CERTIFICATE_VERIFY_FAILED] certificate verify failed: self-signed certificate (_ssl.c:1028)')))</status>
</kw>
<return>
<value>${resposta}</value>
<status status="NOT RUN" start="2025-07-23T00:58:26.756750" elapsed="0.000024"/>
</return>
<var>${resposta}</var>
<arg>email=sysadmin@qacoders.com</arg>
<arg>senha=1234@Test</arg>
<doc>Realizar Login</doc>
[...]
<statistics>
<total>
<stat pass="0" fail="20" skip="0">All Tests</stat>
</total>
<tag>
</tag>
<suite>
<stat name="Tests" id="s1" pass="0" fail="20" skip="0">Tests</stat>
<stat name="Auth-User" id="s1-s1" pass="0" fail="11" skip="0">Tests.Auth-User</stat>
<stat name="Company" id="s1-s2" pass="0" fail="2" skip="0">Tests.Company</stat>
<stat name="Criar-Usuario" id="s1-s3" pass="0" fail="3" skip="0">Tests.Criar-Usuario</stat>
<stat name="Login" id="s1-s4" pass="0" fail="4" skip="0">Tests.Login</stat>
</suite>
</statistics>
<errors>
<msg time="2025-07-23T00:57:57.591018" level="WARN">Retrying (RetryAdapter(total=2, connect=None, read=None, redirect=None, status=None)) after connection broken by 'SSLError(SSLCertVerificationError(1, '[SSL: CERTIFICATE_VERIFY_FAILED] certificate verify failed: self-signed certificate (_ssl.c:1028)'))': /api/login</msg>
<msg time="2025-07-23T00:57:58.267001" level="WARN">Retrying (RetryAdapter(total=1, connect=None, read=None, redirect=None, status=None)) after connection broken by 'SSLError(SSLCertVerificationError(1, '[SSL: CERTIFICATE_VERIFY_FAILED] certificate verify failed: self-signed certificate (_ssl.c:1028)'))': /api/login</msg>
<msg time="2025-07-23T00:57:59.141719" level="WARN">Retrying (RetryAdapter(total=0, connect=None, read=None, redirect=None, status=None)) after connection broken by 'SSLError(SSLCertVerificationError(1, '[SSL: CERTIFICATE_VERIFY_FAILED] certificate verify failed: self-signed certificate (_ssl.c:1028)'))': /api/login</msg>
<msg time="2025-07-23T00:58:00.113619" level="WARN">Retrying (RetryAdapter(total=2, connect=None, read=None, redirect=None, status=None)) after connection broken by 'SSLError(SSLCertVerificationError(1, '[SSL: CERTIFICATE_VERIFY_FAILED] certificate verify failed: self-signed certificate (_ssl.c:1028)'))': /api/login</msg>
<msg time="2025-07-23T00:58:00.792422" level="WARN">Retrying (RetryAdapter(total=1, connect=None, read=None, redirect=None, status=None)) after connection broken by 'SSLError(SSLCertVerificationError(1, '[SSL: CERTIFICATE_VERIFY_FAILED] certificate verify failed: self-signed certificate (_ssl.c:1028)'))': /api/login</msg>
<msg time="2025-07-23T00:58:01.663033" level="WARN">Retrying (RetryAdapter(total=0, connect=None, read=None, redirect=None, status=None)) after connection broken by 'SSLError(SSLCertVerificationError(1, '[SSL: CERTIFICATE_VERIFY_FAILED] certificate verify failed: self-signed certificate (_ssl.c:1028)'))': /api/login</msg>
<msg time="2025-07-23T00:58:02.410806" level="WARN">Retrying (RetryAdapter(total=2, connect=None, read=None, redirect=None, status=None)) after connection broken by 'SSLError(SSLCertVerificationError(1, '[SSL: CERTIFICATE_VERIFY_FAILED] certificate verify failed: self-signed certificate (_ssl.c:1028)'))': /api/login</msg>
<msg time="2025-07-23T00:58:03.549488" level="WARN">Retrying (RetryAdapter(total=1, connect=None, read=None, redirect=None, status=None)) after connection broken by 'SSLError(SSLCertVerificationError(1, '[SSL: CERTIFICATE_VERIFY_FAILED] certificate verify failed: self-signed certificate (_ssl.c:1028)'))': /api/login</msg>
<msg time="2025-07-23T00:58:04.429223" level="WARN">Retrying (RetryAdapter(total=0, connect=None, read=None, redirect=None, status=None)) after connection broken by 'SSLError(SSLCertVerificationError(1, '[SSL: CERTIFICATE_VERIFY_FAILED] certificate verify failed: self-signed certificate (_ssl.c:1028)'))': /api/login</msg>
<msg time="2025-07-23T00:58:05.400517" level="WARN">Retrying (RetryAdapter(total=2, connect=None, read=None, redirect=None, status=None)) after connection broken by 'SSLError(SSLCertVerificationError(1, '[SSL: CERTIFICATE_VERIFY_FAILED] certificate verify failed: self-signed certificate (_ssl.c:1028)'))': /api/login</msg>
<msg time="2025-07-23T00:58:05.864852" level="WARN">Retrying (RetryAdapter(total=1, connect=None, read=None, redirect=None, status=None)) after connection broken by 'SSLError(SSLCertVerificationError(1, '[SSL: CERTIFICATE_VERIFY_FAILED] certificate verify failed: self-signed certificate (_ssl.c:1028)'))': /api/login</msg>
<msg time="2025-07-23T00:58:06.744108" level="WARN">Retrying (RetryAdapter(total=0, connect=None, read=None, redirect=None, status=None)) after connection broken by 'SSLError(SSLCertVerificationError(1, '[SSL: CERTIFICATE_VERIFY_FAILED] certificate verify failed: self-signed certificate (_ssl.c:1028)'))': /api/login</msg>
<msg time="2025-07-23T00:58:07.484979" level="WARN">Retrying (RetryAdapter(total=2, connect=None, read=None, redirect=None, status=None)) after connection broken by 'SSLError(SSLCertVerificationError(1, '[SSL: CERTIFICATE_VERIFY_FAILED] certificate verify failed: self-signed certificate (_ssl.c:1028)'))': /api/login</msg>
<msg time="2025-07-23T00:58:08.163534" level="WARN">Retrying (RetryAdapter(total=1, connect=None, read=None, redirect=None, status=None)) after connection broken by 'SSLError(SSLCertVerificationError(1, '[SSL: CERTIFICATE_VERIFY_FAILED] certificate verify failed: self-signed certificate (_ssl.c:1028)'))': /api/login</msg>
<msg time="2025-07-23T00:58:08.817637" level="WARN">Retrying (RetryAdapter(total=0, connect=None, read=None, redirect=None, status=None)) after connection broken by 'SSLError(SSLCertVerificationError(1, '[SSL: CERTIFICATE_VERIFY_FAILED] certificate verify failed: self-signed certificate (_ssl.c:1028)'))': /api/login</msg>
<msg time="2025-07-23T00:58:09.336883" level="WARN">Retrying (RetryAdapter(total=2, connect=None, read=None, redirect=None, status=None)) after connection broken by 'SSLError(SSLCertVerificationError(1, '[SSL: CERTIFICATE_VERIFY_FAILED] certificate verify failed: self-signed certificate (_ssl.c:1028)'))': /api/login</msg>
<msg time="2025-07-23T00:58:09.794470" level="WARN">Retrying (RetryAdapter(total=1, connect=None, read=None, redirect=None, status=None)) after connection broken by 'SSLError(SSLCertVerificationError(1, '[SSL: CERTIFICATE_VERIFY_FAILED] certificate verify failed: self-signed certificate (_ssl.c:1028)'))': /api/login</msg>
<msg time="2025-07-23T00:58:10.453484" level="WARN">Retrying (RetryAdapter(total=0, connect=None, read=None, redirect=None, status=None)) after connection broken by 'SSLError(SSLCertVerificationError(1, '[SSL: CERTIFICATE_VERIFY_FAILED] certificate verify failed: self-signed certificate (_ssl.c:1028)'))': /api/login</msg>
<msg time="2025-07-23T00:58:11.190482" level="WARN">Retrying (RetryAdapter(total=2, connect=None, read=None, redirect=None, status=None)) after connection broken by 'SSLError(SSLCertVerificationError(1, '[SSL: CERTIFICATE_VERIFY_FAILED] certificate verify failed: self-signed certificate (_ssl.c:1028)'))': /api/login</msg>
<msg time="2025-07-23T00:58:11.645661" level="WARN">Retrying (RetryAdapter(total=1, connect=None, read=None, redirect=None, status=None)) after connection broken by 'SSLError(SSLCertVerificationError(1, '[SSL: CERTIFICATE_VERIFY_FAILED] certificate verify failed: self-signed certificate (_ssl.c:1028)'))': /api/login</msg>
<msg time="2025-07-23T00:58:12.594009" level="WARN">Retrying (RetryAdapter(total=0, connect=None, read=None, redirect=None, status=None)) after connection broken by 'SSLError(SSLCertVerificationError(1, '[SSL: CERTIFICATE_VERIFY_FAILED] certificate verify failed: self-signed certificate (_ssl.c:1028)'))': /api/login</msg>
<msg time="2025-07-23T00:58:13.120591" level="WARN">Retrying (RetryAdapter(total=2, connect=None, read=None, redirect=None, status=None)) after connection broken by 'SSLError(SSLCertVerificationError(1, '[SSL: CERTIFICATE_VERIFY_FAILED] certificate verify failed: self-signed certificate (_ssl.c:1028)'))': /api/login</msg>
<msg time="2025-07-23T00:58:13.573096" level="WARN">Retrying (RetryAdapter(total=1, connect=None, read=None, redirect=None, status=None)) after connection broken by 'SSLError(SSLCertVerificationError(1, '[SSL: CERTIFICATE_VERIFY_FAILED] certificate verify failed: self-signed certificate (_ssl.c:1028)'))': /api/login</msg>
<msg time="2025-07-23T00:58:14.509243" level="WARN">Retrying (RetryAdapter(total=0, connect=None, read=None, redirect=None, status=None)) after connection broken by 'SSLError(SSLCertVerificationError(1, '[SSL: CERTIFICATE_VERIFY_FAILED] certificate verify failed: self-signed certificate (_ssl.c:1028)'))': /api/login</msg>
<msg time="2025-07-23T00:58:15.138324" level="WARN">Retrying (RetryAdapter(total=2, connect=None, read=None, redirect=None, status=None)) after connection broken by 'SSLError(SSLCertVerificationError(1, '[SSL: CERTIFICATE_VERIFY_FAILED] certificate verify failed: self-signed certificate (_ssl.c:1028)'))': /api/login</msg>
<msg time="2025-07-23T00:58:15.596066" level="WARN">Retrying (RetryAdapter(total=1, connect=None, read=None, redirect=None, status=None)) after connection broken by 'SSLError(SSLCertVerificationError(1, '[SSL: CERTIFICATE_VERIFY_FAILED] certificate verify failed: self-signed certificate (_ssl.c:1028)'))': /api/login</msg>
<msg time="2025-07-23T00:58:16.249427" level="WARN">Retrying (RetryAdapter(total=0, connect=None, read=None, redirect=None, status=None)) after connection broken by 'SSLError(SSLCertVerificationError(1, '[SSL: CERTIFICATE_VERIFY_FAILED] certificate verify failed: self-signed certificate (_ssl.c:1028)'))': /api/login</msg>
<msg time="2025-07-23T00:58:16.763954" level="WARN">Retrying (RetryAdapter(total=2, connect=None, read=None, redirect=None, status=None)) after connection broken by 'SSLError(SSLCertVerificationError(1, '[SSL: CERTIFICATE_VERIFY_FAILED] certificate verify failed: self-signed certificate (_ssl.c:1028)'))': /api/login</msg>
<msg time="2025-07-23T00:58:17.220852" level="WARN">Retrying (RetryAdapter(total=1, connect=None, read=None, redirect=None, status=None)) after connection broken by 'SSLError(SSLCertVerificationError(1, '[SSL: CERTIFICATE_VERIFY_FAILED] certificate verify failed: self-signed certificate (_ssl.c:1028)'))': /api/login</msg>
<msg time="2025-07-23T00:58:17.875291" level="WARN">Retrying (RetryAdapter(total=0, connect=None, read=None, redirect=None, status=None)) after connection broken by 'SSLError(SSLCertVerificationError(1, '[SSL: CERTIFICATE_VERIFY_FAILED] certificate verify failed: self-signed certificate (_ssl.c:1028)'))': /api/login</msg>
<msg time="2025-07-23T00:58:18.615597" level="WARN">Retrying (RetryAdapter(total=2, connect=None, read=None, redirect=None, status=None)) after connection broken by 'SSLError(SSLCertVerificationError(1, '[SSL: CERTIFICATE_VERIFY_FAILED] certificate verify failed: self-signed certificate (_ssl.c:1028)'))': /api/login</msg>
<msg time="2025-07-23T00:58:19.072504" level="WARN">Retrying (RetryAdapter(total=1, connect=None, read=None, redirect=None, status=None)) after connection broken by 'SSLError(SSLCertVerificationError(1, '[SSL: CERTIFICATE_VERIFY_FAILED] certificate verify failed: self-signed certificate (_ssl.c:1028)'))': /api/login</msg>
<msg time="2025-07-23T00:58:20.093515" level="WARN">Retrying (RetryAdapter(total=0, connect=None, read=None, redirect=None, status=None)) after connection broken by 'SSLError(SSLCertVerificationError(1, '[SSL: CERTIFICATE_VERIFY_FAILED] certificate verify failed: self-signed certificate (_ssl.c:1028)'))': /api/login</msg>
<msg time="2025-07-23T00:58:21.114141" level="WARN">Retrying (RetryAdapter(total=2, connect=None, read=None, redirect=None, status=None)) after connection broken by 'SSLError(SSLCertVerificationError(1, '[SSL: CERTIFICATE_VERIFY_FAILED] certificate verify failed: self-signed certificate (_ssl.c:1028)'))': /api/login</msg>
<msg time="2025-07-23T00:58:21.569819" level="WARN">Retrying (RetryAdapter(total=1, connect=None, read=None, redirect=None, status=None)) after connection broken by 'SSLError(SSLCertVerificationError(1, '[SSL: CERTIFICATE_VERIFY_FAILED] certificate verify failed: self-signed certificate (_ssl.c:1028)'))': /api/login</msg>
<msg time="2025-07-23T00:58:22.235066" level="WARN">Retrying (RetryAdapter(total=0, connect=None, read=None, redirect=None, status=None)) after connection broken by 'SSLError(SSLCertVerificationError(1, '[SSL: CERTIFICATE_VERIFY_FAILED] certificate verify failed: self-signed certificate (_ssl.c:1028)'))': /api/login</msg>
<msg time="2025-07-23T00:58:22.852965" level="WARN">Retrying (RetryAdapter(total=2, connect=None, read=None, redirect=None, status=None)) after connection broken by 'SSLError(SSLCertVerificationError(1, '[SSL: CERTIFICATE_VERIFY_FAILED] certificate verify failed: self-signed certificate (_ssl.c:1028)'))': /api/login</msg>
<msg time="2025-07-23T00:58:23.306153" level="WARN">Retrying (RetryAdapter(total=1, connect=None, read=None, redirect=None, status=None)) after connection broken by 'SSLError(SSLCertVerificationError(1, '[SSL: CERTIFICATE_VERIFY_FAILED] certificate verify failed: self-signed certificate (_ssl.c:1028)'))': /api/login</msg>
<msg time="2025-07-23T00:58:23.961509" level="WARN">Retrying (RetryAdapter(total=0, connect=None, read=None, redirect=None, status=None)) after connection broken by 'SSLError(SSLCertVerificationError(1, '[SSL: CERTIFICATE_VERIFY_FAILED] certificate verify failed: self-signed certificate (_ssl.c:1028)'))': /api/login</msg>
<msg time="2025-07-23T00:58:24.694605" level="WARN">Retrying (RetryAdapter(total=2, connect=None, read=None, redirect=None, status=None)) after connection broken by 'SSLError(SSLCertVerificationError(1, '[SSL: CERTIFICATE_VERIFY_FAILED] certificate verify failed: self-signed certificate (_ssl.c:1028)'))': /api/login</msg>
<msg time="2025-07-23T00:58:25.150873" level="WARN">Retrying (RetryAdapter(total=1, connect=None, read=None, redirect=None, status=None)) after connection broken by 'SSLError(SSLCertVerificationError(1, '[SSL: CERTIFICATE_VERIFY_FAILED] certificate verify failed: self-signed certificate (_ssl.c:1028)'))': /api/login</msg>
<msg time="2025-07-23T00:58:25.807381" level="WARN">Retrying (RetryAdapter(total=0, connect=None, read=None, redirect=None, status=None)) after connection broken by 'SSLError(SSLCertVerificationError(1, '[SSL: CERTIFICATE_VERIFY_FAILED] certificate verify failed: self-signed certificate (_ssl.c:1028)'))': /api/login</msg>
<msg time="2025-07-23T00:58:27.017377" level="WARN">Retrying (RetryAdapter(total=2, connect=None, read=None, redirect=None, status=None)) after connection broken by 'SSLError(SSLCertVerificationError(1, '[SSL: CERTIFICATE_VERIFY_FAILED] certificate verify failed: self-signed certificate (_ssl.c:1028)'))': /api/login</msg>
<msg time="2025-07-23T00:58:27.474135" level="WARN">Retrying (RetryAdapter(total=1, connect=None, read=None, redirect=None, status=None)) after connection broken by 'SSLError(SSLCertVerificationError(1, '[SSL: CERTIFICATE_VERIFY_FAILED] certificate verify failed: self-signed certificate (_ssl.c:1028)'))': /api/login</msg>
<msg time="2025-07-23T00:58:28.128265" level="WARN">Retrying (RetryAdapter(total=0, connect=None, read=None, redirect=None, status=None)) after connection broken by 'SSLError(SSLCertVerificationError(1, '[SSL: CERTIFICATE_VERIFY_FAILED] certificate verify failed: self-signed certificate (_ssl.c:1028)'))': /api/login</msg>
<msg time="2025-07-23T00:58:28.643191" level="WARN">Retrying (RetryAdapter(total=2, connect=None, read=None, redirect=None, status=None)) after connection broken by 'SSLError(SSLCertVerificationError(1, '[SSL: CERTIFICATE_VERIFY_FAILED] certificate verify failed: self-signed certificate (_ssl.c:1028)'))': /api/login</msg>
<msg time="2025-07-23T00:58:29.097136" level="WARN">Retrying (RetryAdapter(total=1, connect=None, read=None, redirect=None, status=None)) after connection broken by 'SSLError(SSLCertVerificationError(1, '[SSL: CERTIFICATE_VERIFY_FAILED] certificate verify failed: self-signed certificate (_ssl.c:1028)'))': /api/login</msg>
<msg time="2025-07-23T00:58:29.748575" level="WARN">Retrying (RetryAdapter(total=0, connect=None, read=None, redirect=None, status=None)) after connection broken by 'SSLError(SSLCertVerificationError(1, '[SSL: CERTIFICATE_VERIFY_FAILED] certificate verify failed: self-signed certificate (_ssl.c:1028)'))': /api/login</msg>
<msg time="2025-07-23T00:58:30.264251" level="WARN">Retrying (RetryAdapter(total=2, connect=None, read=None, redirect=None, status=None)) after connection broken by 'SSLError(SSLCertVerificationError(1, '[SSL: CERTIFICATE_VERIFY_FAILED] certificate verify failed: self-signed certificate (_ssl.c:1028)'))': /api/login</msg>
<msg time="2025-07-23T00:58:30.720068" level="WARN">Retrying (RetryAdapter(total=1, connect=None, read=None, redirect=None, status=None)) after connection broken by 'SSLError(SSLCertVerificationError(1, '[SSL: CERTIFICATE_VERIFY_FAILED] certificate verify failed: self-signed certificate (_ssl.c:1028)'))': /api/login</msg>
<msg time="2025-07-23T00:58:31.378080" level="WARN">Retrying (RetryAdapter(total=0, connect=None, read=None, redirect=None, status=None)) after connection broken by 'SSLError(SSLCertVerificationError(1, '[SSL: CERTIFICATE_VERIFY_FAILED] certificate verify failed: self-signed certificate (_ssl.c:1028)'))': /api/login</msg>
<msg time="2025-07-23T00:58:31.895753" level="WARN">Retrying (RetryAdapter(total=2, connect=None, read=None, redirect=None, status=None)) after connection broken by 'SSLError(SSLCertVerificationError(1, '[SSL: CERTIFICATE_VERIFY_FAILED] certificate verify failed: self-signed certificate (_ssl.c:1028)'))': /api/login</msg>
<msg time="2025-07-23T00:58:32.350094" level="WARN">Retrying (RetryAdapter(total=1, connect=None, read=None, redirect=None, status=None)) after connection broken by 'SSLError(SSLCertVerificationError(1, '[SSL: CERTIFICATE_VERIFY_FAILED] certificate verify failed: self-signed certificate (_ssl.c:1028)'))': /api/login</msg>
<msg time="2025-07-23T00:58:33.007086" level="WARN">Retrying (RetryAdapter(total=0, connect=None, read=None, redirect=None, status=None)) after connection broken by 'SSLError(SSLCertVerificationError(1, '[SSL: CERTIFICATE_VERIFY_FAILED] certificate verify failed: self-signed certificate (_ssl.c:1028)'))': /api/login</msg>
<msg time="2025-07-23T00:58:33.524621" level="WARN">Retrying (RetryAdapter(total=2, connect=None, read=None, redirect=None, status=None)) after connection broken by 'SSLError(SSLCertVerificationError(1, '[SSL: CERTIFICATE_VERIFY_FAILED] certificate verify failed: self-signed certificate (_ssl.c:1028)'))': /api/login</msg>
<msg time="2025-07-23T00:58:33.986769" level="WARN">Retrying (RetryAdapter(total=1, connect=None, read=None, redirect=None, status=None)) after connection broken by 'SSLError(SSLCertVerificationError(1, '[SSL: CERTIFICATE_VERIFY_FAILED] certificate verify failed: self-signed certificate (_ssl.c:1028)'))': /api/login</msg>
<msg time="2025-07-23T00:58:34.641214" level="WARN">Retrying (RetryAdapter(total=0, connect=None, read=None, redirect=None, status=None)) after connection broken by 'SSLError(SSLCertVerificationError(1, '[SSL: CERTIFICATE_VERIFY_FAILED] certificate verify failed: self-signed certificate (_ssl.c:1028)'))': /api/login</msg>
<msg time="2025-07-23T00:58:35.157010" level="WARN">Retrying (RetryAdapter(total=2, connect=None, read=None, redirect=None, status=None)) after connection broken by 'SSLError(SSLCertVerificationError(1, '[SSL: CERTIFICATE_VERIFY_FAILED] certificate verify failed: self-signed certificate (_ssl.c:1028)'))': /api/login</msg>
<msg time="2025-07-23T00:58:35.610627" level="WARN">Retrying (RetryAdapter(total=1, connect=None, read=None, redirect=None, status=None)) after connection broken by 'SSLError(SSLCertVerificationError(1, '[SSL: CERTIFICATE_VERIFY_FAILED] certificate verify failed: self-signed certificate (_ssl.c:1028)'))': /api/login</msg>
<msg time="2025-07-23T00:58:36.267954" level="WARN">Retrying (RetryAdapter(total=0, connect=None, read=None, redirect=None, status=None)) after connection broken by 'SSLError(SSLCertVerificationError(1, '[SSL: CERTIFICATE_VERIFY_FAILED] certificate verify failed: self-signed certificate (_ssl.c:1028)'))': /api/login</msg>
</errors>
</robot>
